#
# A fatal error has been detected by the Java Runtime Environment:
#
#  SIGSEGV (0xb) at pc=0x00007f00bd0690ba, pid=3759, tid=139640321337088
#
# JRE version: Java(TM) SE Runtime Environment (8.0_73-b02) (build 1.8.0_73-b02)
# Java VM: Java HotSpot(TM) 64-Bit Server VM (25.73-b02 mixed mode linux-amd64 compressed oops)
# Problematic frame:
# v  ~BufferBlob::jni_fast_GetLongField
#
# Failed to write core dump. Core dumps have been disabled. To enable core dumping, try "ulimit -c unlimited" before starting Java again
#
# If you would like to submit a bug report, please visit:
#   http://bugreport.java.com/bugreport/crash.jsp
# The crash happened outside the Java Virtual Machine in native code.
# See problematic frame for where to report the bug.
#

---------------  T H R E A D  ---------------

Current thread (0x00000000016d9800):  JavaThread "AWT-XAWT" daemon [_thread_in_native, id=3780, stack(0x00007f008b9fe000,0x00007f008bbff000)]

siginfo: si_signo: 11 (SIGSEGV), si_code: 1 (SEGV_MAPERR), si_addr: 0x0000000000000000

Registers:
RAX=0x00007f00e406d0a0, RBX=0x00000000016d99f8, RCX=0x00007f00e4aca2e0, RDX=0x0000000000000042
RSP=0x00007f008bbfd388, RBP=0x00007f008bbfd3b0, RSI=0x0000000000000000, RDI=0x00000000016d99f8
R8 =0x00000000e723f880, R9 =0x0000000000000000, R10=0x00000000000082e8, R11=0x00007f00e28b2d60
R12=0x0000000001e21070, R13=0x0000000000000000, R14=0x00007f00ad1507e0, R15=0x00000000016d9800
RIP=0x00007f00bd0690ba, EFLAGS=0x0000000000010246, CSGSFS=0x0000000000000033, ERR=0x0000000000000004
  TRAPNO=0x000000000000000e

Top of Stack: (sp=0x00007f008bbfd388)
0x00007f008bbfd388:   00007f00acf2eef1 00007f007560b028
0x00007f008bbfd398:   0000000001e21070 00000000e81d8180
0x00007f008bbfd3a8:   00007f008bbfd430 0000000000000000
0x00007f008bbfd3b8:   00007f00e28b2dd0 00007f007560b028
0x00007f008bbfd3c8:   00007f008bbfd3f0 0000000000000000
0x00007f008bbfd3d8:   00007f00e28aa983 00000000e81d8180
0x00007f008bbfd3e8:   00007f00acf2812f 00007f008bbfd440
0x00007f008bbfd3f8:   00007f00bd80e676 00000000e81d4808
0x00007f008bbfd408:   00007f00bef06f60 0000000000000000
0x00007f008bbfd418:   00000000fddabab0 00000000e723e210
0x00007f008bbfd428:   0000000000000001 00000000e72d1dc8
0x00007f008bbfd438:   00000000e73a6328 00007f008bbfd680
0x00007f008bbfd448:   00007f00c33279a4 0000000000000059
0x00007f008bbfd458:   00007f008be885c0 00000000016d5770
0x00007f008bbfd468:   00007f008c000020 0000000000000040
0x00007f008bbfd478:   0000000000000040 00007f00c3323910
0x00007f008bbfd488:   0000000000000000 00007f008bbfd530
0x00007f008bbfd498:   00007f00e415a6fe 00007f008bbfd5f0
0x00007f008bbfd4a8:   00007f00e406fdf8 00007f008bbfd4f0
0x00007f008bbfd4b8:   00007f00e3a0b655 000000048bbfd500
0x00007f008bbfd4c8:   00007f008bbfd530 0000000000000040
0x00007f008bbfd4d8:   00007f008bbfd530 0000000000000040
0x00007f008bbfd4e8:   00007f00c3323910 00007f008bbfd590
0x00007f008bbfd4f8:   00007f00e3aafcc5 00007f008bbfd5b0
0x00007f008bbfd508:   00000000bd01c618 00007f00bd005310
0x00007f008bbfd518:   00000000e723ec38 00000000e7602540
0x00007f008bbfd528:   00000000e723ec38 0000000000000000
0x00007f008bbfd538:   00000000e7602540 00000000e7602540
0x00007f008bbfd548:   00000000e723ec38 00000000e723ec38
0x00007f008bbfd558:   00000000e7602540 0000000000000000
0x00007f008bbfd568:   00000000e73230f0 00000000e73a6328
0x00007f008bbfd578:   00000000e75e91a8 00007f008c001550 

Instructions: (pc=0x00007f00bd0690ba)
0x00007f00bd06909a:   00 00 00 00 00 00 44 8b 15 a1 35 04 27 4c 8b ce
0x00007f00bd0690aa:   41 f6 c2 01 0f 85 2e 00 00 00 4d 33 ca 4d 33 ca
0x00007f00bd0690ba:   4d 8b 09 4c 8b da 49 c1 eb 02 4b 8b 04 19 49 bb
0x00007f00bd0690ca:   48 c6 0a e4 00 7f 00 00 4c 33 d8 4c 33 d8 45 3b 

Register to memory mapping:

RAX=0x00007f00e406d0a0: <offset 0xf760a0> in /home/mhcrnl/jdk1.8.0_73/jre/lib/amd64/server/libjvm.so at 0x00007f00e30f7000
RBX=0x00000000016d99f8 is an unknown value
RCX=0x00007f00e4aca2e0: <offset 0x2182e0> in /lib64/libpthread.so.0 at 0x00007f00e48b2000
RDX=0x0000000000000042 is an unknown value
RSP=0x00007f008bbfd388 is pointing into the stack for thread: 0x00000000016d9800
RBP=0x00007f008bbfd3b0 is pointing into the stack for thread: 0x00000000016d9800
RSI=0x0000000000000000 is an unknown value
RDI=0x00000000016d99f8 is an unknown value
R8 =0x00000000e723f880 is an oop
java.util.logging.Logger 
 - klass: 'java/util/logging/Logger'
R9 =0x0000000000000000 is an unknown value
R10=0x00000000000082e8 is an unknown value
R11=0x00007f00e28b2d60: _XimServerDestroy+0 in /lib64/libX11.so.6 at 0x00007f00e2849000
R12=0x0000000001e21070 is an unknown value
R13=0x0000000000000000 is an unknown value
R14=0x00007f00ad1507e0: <offset 0x2587e0> in /home/mhcrnl/jdk1.8.0_73/jre/lib/amd64/libawt_xawt.so at 0x00007f00acef8000
R15=0x00000000016d9800 is a thread


Stack: [0x00007f008b9fe000,0x00007f008bbff000],  sp=0x00007f008bbfd388,  free space=2044k
Native frames: (J=compiled Java code, j=interpreted, Vv=VM code, C=native code)
v  ~BufferBlob::jni_fast_GetLongField
C  [libX11.so.6+0x69dd0]  _XimServerDestroy+0x70

Java frames: (J=compiled Java code, j=interpreted, Vv=VM code)
J 6444  sun.awt.X11.XlibWrapper.XFilterEvent(JJ)Z (0 bytes) @ 0x00007f00bd80e604 [0x00007f00bd80e5c0+0x44]
J 33217% C1 sun.awt.X11.XToolkit.run(Z)V (410 bytes) @ 0x00007f00c33279a4 [0x00007f00c33242c0+0x36e4]
j  sun.awt.X11.XToolkit.run()V+5
j  java.lang.Thread.run()V+11
v  ~StubRoutines::call_stub

---------------  P R O C E S S  ---------------

Java Threads: ( => current thread )
  0x00007f00a4085800 JavaThread "SIGTERM handler" daemon [_thread_blocked, id=7866, stack(0x00007f00aead0000,0x00007f00aecd1000)]
  0x00007f00a4084800 JavaThread "SIGTERM handler" daemon [_thread_blocked, id=7865, stack(0x00007f00ae155000,0x00007f00ae356000)]
  0x00007f00a8023800 JavaThread "Thread-0" [_thread_in_Java, id=7864, stack(0x00007f0089c51000,0x00007f0089e52000)]
  0x00007f00a8022800 JavaThread "Thread-4" daemon [_thread_blocked, id=7863, stack(0x00007f00aecd1000,0x00007f00aeed2000)]
  0x00007f00a8022000 JavaThread "Thread-6" [_thread_blocked, id=7862, stack(0x00007f00ae8cf000,0x00007f00aead0000)]
  0x00007f00a4084000 JavaThread "SIGHUP handler" daemon [_thread_blocked, id=7861, stack(0x00007f00ac8e1000,0x00007f00acae2000)]
  0x00007f00a8021000 JavaThread "XToolkt-Shutdown-Thread" [_thread_in_vm, id=7860, stack(0x00007f00af2d2000,0x00007f00af4d3000)]
  0x00007f00a4014000 JavaThread "SIGHUP handler" daemon [_thread_blocked, id=7859, stack(0x00007f008a455000,0x00007f008a656000)]
  0x00007f00840a6000 JavaThread "Inactive RequestProcessor thread [Was:TimedSoftReference/org.openide.util.TimedSoftReference]" daemon [_thread_blocked, id=7734, stack(0x00007f00adf54000,0x00007f00ae155000)]
  0x00007f008409d000 JavaThread "Editor Parsing Loop (201510222201)" daemon [_thread_blocked, id=3854, stack(0x00007f0078af4000,0x00007f0078cf5000)]
  0x00007f00cc00b000 JavaThread "DestroyJavaVM" [_thread_blocked, id=3761, stack(0x00007f00dafe3000,0x00007f00db1e4000)]
  0x0000000001b24800 JavaThread "TimerQueue" daemon [_thread_blocked, id=3834, stack(0x00007f007a1fd000,0x00007f007a3fe000)]
  0x0000000001abc800 JavaThread "AWT-EventQueue-0" [_thread_in_native, id=3833, stack(0x00007f008b5fc000,0x00007f008b7fd000)]
  0x0000000001abb800 JavaThread "AWT-Shutdown" [_thread_blocked, id=3832, stack(0x00007f008a857000,0x00007f008aa58000)]
  0x0000000001b42000 JavaThread "Worker-JM" [_thread_blocked, id=3825, stack(0x00007f007a5fe000,0x00007f007a7ff000)]
  0x0000000001afa800 JavaThread "Framework Event Dispatcher" daemon [_thread_blocked, id=3824, stack(0x00007f007a9ff000,0x00007f007ac00000)]
  0x0000000001af3800 JavaThread "Deadlock Detector" [_thread_blocked, id=3823, stack(0x00007f007ac00000,0x00007f007ae01000)]
  0x0000000001a50000 JavaThread "Thread-2" daemon [_thread_blocked, id=3816, stack(0x00007f007b365000,0x00007f007b566000)]
  0x00007f00b0050000 JavaThread "File Watcher" daemon [_thread_in_native, id=3804, stack(0x00007f0089738000,0x00007f0089939000)]
  0x00000000018d8000 JavaThread "Framework Active Thread" [_thread_blocked, id=3791, stack(0x00007f008b7fd000,0x00007f008b9fe000)]
=>0x00000000016d9800 JavaThread "AWT-XAWT" daemon [_thread_in_native, id=3780, stack(0x00007f008b9fe000,0x00007f008bbff000)]
  0x00000000016ef000 JavaThread "Java2D Disposer" daemon [_thread_blocked, id=3779, stack(0x00007f008bbff000,0x00007f008be00000)]
  0x0000000001664800 JavaThread "RequestProcessor queue manager" daemon [_thread_blocked, id=3777, stack(0x00007f00ac4df000,0x00007f00ac6e0000)]
  0x00007f00cc733000 JavaThread "CLI Requests Server" daemon [_thread_in_native, id=3773, stack(0x00007f00ad423000,0x00007f00ad624000)]
  0x00007f00cc516800 JavaThread "Active Reference Queue Daemon" daemon [_thread_blocked, id=3772, stack(0x00007f00af4d3000,0x00007f00af6d4000)]
  0x00007f00cc267000 JavaThread "Service Thread" daemon [_thread_blocked, id=3770, stack(0x00007f00afbfd000,0x00007f00afdfe000)]
  0x00007f00cc25a800 JavaThread "C1 CompilerThread1" daemon [_thread_blocked, id=3769, stack(0x00007f00afdfe000,0x00007f00afeff000)]
  0x00007f00cc257800 JavaThread "C2 CompilerThread0" daemon [_thread_blocked, id=3768, stack(0x00007f00afeff000,0x00007f00b0000000)]
  0x00007f00cc256000 JavaThread "Signal Dispatcher" daemon [_thread_blocked, id=3767, stack(0x00007f00bc0f4000,0x00007f00bc2f5000)]
  0x00007f00cc220800 JavaThread "Finalizer" daemon [_thread_blocked, id=3766, stack(0x00007f00bc2f5000,0x00007f00bc4f6000)]
  0x00007f00cc21e800 JavaThread "Reference Handler" daemon [_thread_blocked, id=3765, stack(0x00007f00bc4f6000,0x00007f00bc6f7000)]

Other Threads:
  0x00007f00cc219800 VMThread [stack: 0x00007f00bc6f7000,0x00007f00bc7f8000] [id=3764]
  0x00007f00cc26a000 WatcherThread [stack: 0x00007f00afafc000,0x00007f00afbfd000] [id=3771]

VM state:synchronizing (normal execution)

VM Mutex/Monitor currently owned by a thread:  ([mutex/lock_event])
[0x00007f00cc007ae0] SystemDictionary_lock - owner thread: 0x00007f00a8021000
[0x00007f00cc0082e0] Safepoint_lock - owner thread: 0x00007f00cc219800
[0x00007f00cc008360] Threads_lock - owner thread: 0x00007f00cc219800

Heap:
 PSYoungGen      total 124416K, used 112797K [0x00000000f7b80000, 0x0000000100000000, 0x0000000100000000)
  eden space 114688K, 89% used [0x00000000f7b80000,0x00000000fe042000,0x00000000feb80000)
  from space 9728K, 98% used [0x00000000feb80000,0x00000000ff4e5538,0x00000000ff500000)
  to   space 11264K, 0% used [0x00000000ff500000,0x00000000ff500000,0x0000000100000000)
 ParOldGen       total 151040K, used 92671K [0x00000000e7200000, 0x00000000f0580000, 0x00000000f7b80000)
  object space 151040K, 61% used [0x00000000e7200000,0x00000000ecc7ff58,0x00000000f0580000)
 Metaspace       used 115775K, capacity 128556K, committed 128768K, reserved 1161216K
  class space    used 13550K, capacity 17297K, committed 17408K, reserved 1048576K

Card table byte_map: [0x00007f00d9ad5000,0x00007f00d9b9d000] byte_map_base: 0x00007f00d939c000

Marking Bits: (ParMarkBitMap*) 0x00007f00e40ac100
 Begin Bits: [0x00007f00d8c63000, 0x00007f00d929b000)
 End Bits:   [0x00007f00d929b000, 0x00007f00d98d3000)

Polling page: 0x00007f00e4ce6000

CodeCache: size=245760Kb used=101136Kb max_used=101163Kb free=144623Kb
 bounds [0x00007f00bd000000, 0x00007f00c3380000, 0x00007f00cc000000]
 total_blobs=24382 nmethods=23441 adapters=850
 compilation: enabled

Compilation events (10 events):
Event: 14786.390 Thread 0x00007f00cc25a800 33307       3       org.openide.filesystems.FileChangeAdapter::fileAttributeChanged (1 bytes)
Event: 14786.390 Thread 0x00007f00cc25a800 nmethod 33307 0x00007f00bd27c810 code [0x00007f00bd27c960, 0x00007f00bd27cab0]
Event: 14786.482 Thread 0x00007f00cc257800 33308       4       org.netbeans.modules.settings.RecognizeInstanceObjects$OverObjects::ch (51 bytes)
Event: 14786.519 Thread 0x00007f00cc257800 nmethod 33308 0x00007f00c337c950 code [0x00007f00c337cb20, 0x00007f00c337d888]
Event: 14787.657 Thread 0x00007f00cc257800 33309       4       org.netbeans.modules.settings.RecognizeInstanceObjects$OverObjects::fileChanged (6 bytes)
Event: 14787.659 Thread 0x00007f00cc257800 nmethod 33309 0x00007f00bff12310 code [0x00007f00bff12460, 0x00007f00bff124e8]
Event: 14790.433 Thread 0x00007f00cc25a800 33310       1       org.openide.filesystems.FileChangeAdapter::fileAttributeChanged (1 bytes)
Event: 14790.434 Thread 0x00007f00cc25a800 nmethod 33310 0x00007f00c057a050 code [0x00007f00c057a1a0, 0x00007f00c057a2b0]
Event: 14841.059 Thread 0x00007f00cc25a800 33311       1       org.openide.filesystems.FileChangeAdapter::fileChanged (1 bytes)
Event: 14841.059 Thread 0x00007f00cc25a800 nmethod 33311 0x00007f00be331410 code [0x00007f00be331560, 0x00007f00be331670]

GC Heap History (10 events):
Event: 12994.257 GC heap before
{Heap before GC invocations=245 (full 8):
 PSYoungGen      total 122880K, used 117505K [0x00000000f7b80000, 0x00000000fff00000, 0x0000000100000000)
  eden space 112128K, 100% used [0x00000000f7b80000,0x00000000fe900000,0x00000000fe900000)
  from space 10752K, 50% used [0x00000000ff480000,0x00000000ff9c06e8,0x00000000fff00000)
  to   space 11264K, 0% used [0x00000000fe900000,0x00000000fe900000,0x00000000ff400000)
 ParOldGen       total 151040K, used 92175K [0x00000000e7200000, 0x00000000f0580000, 0x00000000f7b80000)
  object space 151040K, 61% used [0x00000000e7200000,0x00000000ecc03f58,0x00000000f0580000)
 Metaspace       used 115318K, capacity 127936K, committed 128384K, reserved 1161216K
  class space    used 13496K, capacity 17219K, committed 17280K, reserved 1048576K
Event: 12994.275 GC heap after
Heap after GC invocations=245 (full 8):
 PSYoungGen      total 123392K, used 5201K [0x00000000f7b80000, 0x0000000100000000, 0x0000000100000000)
  eden space 112128K, 0% used [0x00000000f7b80000,0x00000000f7b80000,0x00000000fe900000)
  from space 11264K, 46% used [0x00000000fe900000,0x00000000fee14488,0x00000000ff400000)
  to   space 11264K, 0% used [0x00000000ff500000,0x00000000ff500000,0x0000000100000000)
 ParOldGen       total 151040K, used 92255K [0x00000000e7200000, 0x00000000f0580000, 0x00000000f7b80000)
  object space 151040K, 61% used [0x00000000e7200000,0x00000000ecc17f58,0x00000000f0580000)
 Metaspace       used 115318K, capacity 127936K, committed 128384K, reserved 1161216K
  class space    used 13496K, capacity 17219K, committed 17280K, reserved 1048576K
}
Event: 13000.631 GC heap before
{Heap before GC invocations=246 (full 8):
 PSYoungGen      total 123392K, used 117329K [0x00000000f7b80000, 0x0000000100000000, 0x0000000100000000)
  eden space 112128K, 100% used [0x00000000f7b80000,0x00000000fe900000,0x00000000fe900000)
  from space 11264K, 46% used [0x00000000fe900000,0x00000000fee14488,0x00000000ff400000)
  to   space 11264K, 0% used [0x00000000ff500000,0x00000000ff500000,0x0000000100000000)
 ParOldGen       total 151040K, used 92255K [0x00000000e7200000, 0x00000000f0580000, 0x00000000f7b80000)
  object space 151040K, 61% used [0x00000000e7200000,0x00000000ecc17f58,0x00000000f0580000)
 Metaspace       used 115318K, capacity 127936K, committed 128384K, reserved 1161216K
  class space    used 13496K, capacity 17219K, committed 17280K, reserved 1048576K
Event: 13000.663 GC heap after
Heap after GC invocations=246 (full 8):
 PSYoungGen      total 123392K, used 5240K [0x00000000f7b80000, 0x00000000fff00000, 0x0000000100000000)
  eden space 113152K, 0% used [0x00000000f7b80000,0x00000000f7b80000,0x00000000fea00000)
  from space 10240K, 51% used [0x00000000ff500000,0x00000000ffa1e2b0,0x00000000fff00000)
  to   space 10752K, 0% used [0x00000000fea00000,0x00000000fea00000,0x00000000ff480000)
 ParOldGen       total 151040K, used 92383K [0x00000000e7200000, 0x00000000f0580000, 0x00000000f7b80000)
  object space 151040K, 61% used [0x00000000e7200000,0x00000000ecc37f58,0x00000000f0580000)
 Metaspace       used 115318K, capacity 127936K, committed 128384K, reserved 1161216K
  class space    used 13496K, capacity 17219K, committed 17280K, reserved 1048576K
}
Event: 13009.784 GC heap before
{Heap before GC invocations=247 (full 8):
 PSYoungGen      total 123392K, used 118392K [0x00000000f7b80000, 0x00000000fff00000, 0x0000000100000000)
  eden space 113152K, 100% used [0x00000000f7b80000,0x00000000fea00000,0x00000000fea00000)
  from space 10240K, 51% used [0x00000000ff500000,0x00000000ffa1e2b0,0x00000000fff00000)
  to   space 10752K, 0% used [0x00000000fea00000,0x00000000fea00000,0x00000000ff480000)
 ParOldGen       total 151040K, used 92383K [0x00000000e7200000, 0x00000000f0580000, 0x00000000f7b80000)
  object space 151040K, 61% used [0x00000000e7200000,0x00000000ecc37f58,0x00000000f0580000)
 Metaspace       used 115325K, capacity 127936K, committed 128384K, reserved 1161216K
  class space    used 13496K, capacity 17219K, committed 17280K, reserved 1048576K
Event: 13009.807 GC heap after
Heap after GC invocations=247 (full 8):
 PSYoungGen      total 123904K, used 5591K [0x00000000f7b80000, 0x00000000fff80000, 0x0000000100000000)
  eden space 113152K, 0% used [0x00000000f7b80000,0x00000000f7b80000,0x00000000fea00000)
  from space 10752K, 52% used [0x00000000fea00000,0x00000000fef75f38,0x00000000ff480000)
  to   space 10240K, 0% used [0x00000000ff580000,0x00000000ff580000,0x00000000fff80000)
 ParOldGen       total 151040K, used 92455K [0x00000000e7200000, 0x00000000f0580000, 0x00000000f7b80000)
  object space 151040K, 61% used [0x00000000e7200000,0x00000000ecc49f58,0x00000000f0580000)
 Metaspace       used 115325K, capacity 127936K, committed 128384K, reserved 1161216K
  class space    used 13496K, capacity 17219K, committed 17280K, reserved 1048576K
}
Event: 13022.243 GC heap before
{Heap before GC invocations=248 (full 8):
 PSYoungGen      total 123904K, used 118743K [0x00000000f7b80000, 0x00000000fff80000, 0x0000000100000000)
  eden space 113152K, 100% used [0x00000000f7b80000,0x00000000fea00000,0x00000000fea00000)
  from space 10752K, 52% used [0x00000000fea00000,0x00000000fef75f38,0x00000000ff480000)
  to   space 10240K, 0% used [0x00000000ff580000,0x00000000ff580000,0x00000000fff80000)
 ParOldGen       total 151040K, used 92455K [0x00000000e7200000, 0x00000000f0580000, 0x00000000f7b80000)
  object space 151040K, 61% used [0x00000000e7200000,0x00000000ecc49f58,0x00000000f0580000)
 Metaspace       used 115371K, capacity 128006K, committed 128384K, reserved 1161216K
  class space    used 13497K, capacity 17220K, committed 17280K, reserved 1048576K
Event: 13022.269 GC heap after
Heap after GC invocations=248 (full 8):
 PSYoungGen      total 124928K, used 5546K [0x00000000f7b80000, 0x00000000fff80000, 0x0000000100000000)
  eden space 114688K, 0% used [0x00000000f7b80000,0x00000000f7b80000,0x00000000feb80000)
  from space 10240K, 54% used [0x00000000ff580000,0x00000000ffaea830,0x00000000fff80000)
  to   space 10240K, 0% used [0x00000000feb80000,0x00000000feb80000,0x00000000ff580000)
 ParOldGen       total 151040K, used 92559K [0x00000000e7200000, 0x00000000f0580000, 0x00000000f7b80000)
  object space 151040K, 61% used [0x00000000e7200000,0x00000000ecc63f58,0x00000000f0580000)
 Metaspace       used 115371K, capacity 128006K, committed 128384K, reserved 1161216K
  class space    used 13497K, capacity 17220K, committed 17280K, reserved 1048576K
}
Event: 13040.934 GC heap before
{Heap before GC invocations=249 (full 8):
 PSYoungGen      total 124928K, used 120234K [0x00000000f7b80000, 0x00000000fff80000, 0x0000000100000000)
  eden space 114688K, 100% used [0x00000000f7b80000,0x00000000feb80000,0x00000000feb80000)
  from space 10240K, 54% used [0x00000000ff580000,0x00000000ffaea830,0x00000000fff80000)
  to   space 10240K, 0% used [0x00000000feb80000,0x00000000feb80000,0x00000000ff580000)
 ParOldGen       total 151040K, used 92559K [0x00000000e7200000, 0x00000000f0580000, 0x00000000f7b80000)
  object space 151040K, 61% used [0x00000000e7200000,0x00000000ecc63f58,0x00000000f0580000)
 Metaspace       used 115433K, capacity 128106K, committed 128384K, reserved 1161216K
  class space    used 13501K, capacity 17226K, committed 17280K, reserved 1048576K
Event: 13040.984 GC heap after
Heap after GC invocations=249 (full 8):
 PSYoungGen      total 124416K, used 9621K [0x00000000f7b80000, 0x0000000100000000, 0x0000000100000000)
  eden space 114688K, 0% used [0x00000000f7b80000,0x00000000f7b80000,0x00000000feb80000)
  from space 9728K, 98% used [0x00000000feb80000,0x00000000ff4e5538,0x00000000ff500000)
  to   space 11264K, 0% used [0x00000000ff500000,0x00000000ff500000,0x0000000100000000)
 ParOldGen       total 151040K, used 92671K [0x00000000e7200000, 0x00000000f0580000, 0x00000000f7b80000)
  object space 151040K, 61% used [0x00000000e7200000,0x00000000ecc7ff58,0x00000000f0580000)
 Metaspace       used 115433K, capacity 128106K, committed 128384K, reserved 1161216K
  class space    used 13501K, capacity 17226K, committed 17280K, reserved 1048576K
}

Deoptimization events (10 events):
Event: 14767.372 Thread 0x0000000001abc800 Uncommon trap: reason=unstable_if action=reinterpret pc=0x00007f00c2623024 method=java.awt.EventQueue.removeSourceEvents(Ljava/lang/Object;Z)V @ 88
Event: 14772.362 Thread 0x0000000001abc800 Uncommon trap: reason=unstable_if action=reinterpret pc=0x00007f00be152a68 method=java.lang.Class.arrayContentsEq([Ljava/lang/Object;[Ljava/lang/Object;)Z @ 10
Event: 14772.575 Thread 0x0000000001abc800 Uncommon trap: reason=unstable_if action=reinterpret pc=0x00007f00be1668b4 method=java.io.ObjectOutputStream.writeObject0(Ljava/lang/Object;Z)V @ 235
Event: 14775.858 Thread 0x0000000001abc800 Uncommon trap: reason=unstable_if action=reinterpret pc=0x00007f00c1f0e8d8 method=com.sun.xml.internal.stream.util.ThreadLocalBufferAllocator.getBufferAllocator()Lcom/sun/xml/internal/stream/util/BufferAllocator; @ 18
Event: 14776.871 Thread 0x0000000001abc800 Uncommon trap: reason=class_check action=maybe_recompile pc=0x00007f00be9a5f50 method=org.openide.filesystems.FileObject.getFileObject(Ljava/lang/String;)Lorg/openide/filesystems/FileObject; @ 135
Event: 14776.871 Thread 0x0000000001abc800 Uncommon trap: reason=class_check action=maybe_recompile pc=0x00007f00be9a5f50 method=org.openide.filesystems.FileObject.getFileObject(Ljava/lang/String;)Lorg/openide/filesystems/FileObject; @ 135
Event: 14777.065 Thread 0x0000000001abc800 Uncommon trap: reason=unstable_if action=reinterpret pc=0x00007f00c1738830 method=org.openide.filesystems.AbstractFolder.refreshFolder(Ljava/lang/String;Ljava/lang/String;ZZ[Ljava/lang/String;)V @ 166
Event: 14780.327 Thread 0x0000000001abc800 Uncommon trap: reason=class_check action=maybe_recompile pc=0x00007f00be9a5f50 method=org.openide.filesystems.FileObject.getFileObject(Ljava/lang/String;)Lorg/openide/filesystems/FileObject; @ 135
Event: 14780.327 Thread 0x0000000001abc800 Uncommon trap: reason=class_check action=maybe_recompile pc=0x00007f00be9a5f50 method=org.openide.filesystems.FileObject.getFileObject(Ljava/lang/String;)Lorg/openide/filesystems/FileObject; @ 135
Event: 14789.809 Thread 0x0000000001abc800 Uncommon trap: reason=unstable_if action=reinterpret pc=0x00007f00c0613528 method=org.openide.filesystems.MultiFileObject.getAttribute(Ljava/lang/String;Ljava/lang/String;)Ljava/lang/Object; @ 171

Internal exceptions (10 events):
Event: 13025.166 Thread 0x00007f009e38c800 Exception <a 'java/lang/NoClassDefFoundError': javax/media/jai/PlanarImage> (0x00000000fc3cdb58) thrown at [/HUDSON3/workspace/8-2-build-linux-amd64/jdk8u73/6086/hotspot/src/share/vm/classfile/systemDictionary.cpp, line 199]
Event: 13025.169 Thread 0x00007f009e38c800 Exception <a 'java/lang/NoClassDefFoundError': jdepend/xmlui/JDepend> (0x00000000fc3d5bd0) thrown at [/HUDSON3/workspace/8-2-build-linux-amd64/jdk8u73/6086/hotspot/src/share/vm/classfile/systemDictionary.cpp, line 199]
Event: 13025.170 Thread 0x00007f009e38c800 Exception <a 'java/lang/NoClassDefFoundError': javax/media/jai/PlanarImage> (0x00000000fc54b590) thrown at [/HUDSON3/workspace/8-2-build-linux-amd64/jdk8u73/6086/hotspot/src/share/vm/classfile/systemDictionary.cpp, line 199]
Event: 13025.171 Thread 0x00007f009e38c800 Exception <a 'java/lang/NoClassDefFoundError': jdepend/xmlui/JDepend> (0x00000000fc5528c0) thrown at [/HUDSON3/workspace/8-2-build-linux-amd64/jdk8u73/6086/hotspot/src/share/vm/classfile/systemDictionary.cpp, line 199]
Event: 13025.204 Thread 0x00007f009e38c800 Implicit null exception at 0x00007f00c2dc54bd to 0x00007f00c2dc85d5
Event: 13032.545 Thread 0x00007f00840a0000 Exception <a 'sun/nio/fs/UnixException'> (0x00000000fe8d1738) thrown at [/HUDSON3/workspace/8-2-build-linux-amd64/jdk8u73/6086/hotspot/src/share/vm/prims/jni.cpp, line 709]
Event: 13032.546 Thread 0x00007f00840a0000 Exception <a 'sun/nio/fs/UnixException'> (0x00000000fe8d2448) thrown at [/HUDSON3/workspace/8-2-build-linux-amd64/jdk8u73/6086/hotspot/src/share/vm/prims/jni.cpp, line 709]
Event: 13032.647 Thread 0x00007f00840a0000 Exception <a 'sun/nio/fs/UnixException'> (0x00000000fe8ef138) thrown at [/HUDSON3/workspace/8-2-build-linux-amd64/jdk8u73/6086/hotspot/src/share/vm/prims/jni.cpp, line 709]
Event: 14781.706 Thread 0x0000000001abc800 Exception <a 'java/lang/NoSuchMethodError': <clinit>> (0x00000000fcace378) thrown at [/HUDSON3/workspace/8-2-build-linux-amd64/jdk8u73/6086/hotspot/src/share/vm/prims/jni.cpp, line 1591]
Event: 14789.808 Thread 0x0000000001abc800 Implicit null exception at 0x00007f00c06117bc to 0x00007f00c0613511

Events (10 events):
Event: 14856.056 loading class sun/misc/Signal$1 done
Event: 14856.057 Thread 0x00007f00a4014000 Thread added: 0x00007f00a4014000
Event: 14856.975 Thread 0x00007f00a8021000 Thread added: 0x00007f00a8021000
Event: 14856.975 loading class sun/awt/X11/XSystemTrayPeer
Event: 14856.975 Thread 0x00007f00a4084000 Thread added: 0x00007f00a4084000
Event: 14856.981 Thread 0x00007f00a8022000 Thread added: 0x00007f00a8022000
Event: 14856.981 Thread 0x00007f00a8022800 Thread added: 0x00007f00a8022800
Event: 14856.981 Thread 0x00007f00a8023800 Thread added: 0x00007f00a8023800
Event: 14856.982 Thread 0x00007f00a4084800 Thread added: 0x00007f00a4084800
Event: 14856.982 Thread 0x00007f00a4085800 Thread added: 0x00007f00a4085800


Dynamic libraries:
00400000-00401000 r-xp 00000000 fd:02 6168576                            /home/mhcrnl/jdk1.8.0_73/bin/java
00600000-00601000 rw-p 00000000 fd:02 6168576                            /home/mhcrnl/jdk1.8.0_73/bin/java
01625000-02ab8000 rw-p 00000000 00:00 0                                  [heap]
e7200000-f0580000 rw-p 00000000 00:00 0 
f0580000-f7b80000 ---p 00000000 00:00 0 
f7b80000-100000000 rw-p 00000000 00:00 0 
100000000-101100000 rw-p 00000000 00:00 0 
101100000-140000000 ---p 00000000 00:00 0 
7f007512b000-7f00751eb000 rw-p 00000000 00:00 0 
7f00751eb000-7f007532b000 ---p 00000000 00:00 0 
7f007532b000-7f007552b000 rw-p 00000000 00:00 0 
7f007552b000-7f007572b000 rw-p 00000000 00:00 0 
7f007572b000-7f007592b000 rw-p 00000000 00:00 0 
7f007592b000-7f0075b2b000 rw-p 00000000 00:00 0 
7f0075b2b000-7f0075d2b000 rw-p 00000000 00:00 0 
7f0075d2b000-7f0075f2b000 rw-p 00000000 00:00 0 
7f0075f2b000-7f007612b000 rw-p 00000000 00:00 0 
7f007612b000-7f007632b000 rw-p 00000000 00:00 0 
7f007632b000-7f007652b000 rw-p 00000000 00:00 0 
7f007652b000-7f007672b000 rw-p 00000000 00:00 0 
7f007672b000-7f007692b000 rw-p 00000000 00:00 0 
7f007692b000-7f0076b2b000 rw-p 00000000 00:00 0 
7f0076b2b000-7f0076d2b000 rw-p 00000000 00:00 0 
7f0076d2b000-7f0076f2b000 rw-p 00000000 00:00 0 
7f0076f2b000-7f007712b000 rw-p 00000000 00:00 0 
7f007712b000-7f007732b000 rw-p 00000000 00:00 0 
7f007732b000-7f007752b000 rw-p 00000000 00:00 0 
7f007752b000-7f007772b000 rw-p 00000000 00:00 0 
7f007772b000-7f0077af4000 r--s 00000000 fd:02 6168988                    /home/mhcrnl/.cache/netbeans/8.1/dict/dictionary_en_US.trie2
7f0077af4000-7f0077cf4000 rw-p 00000000 00:00 0 
7f0077cf4000-7f0077ef4000 rw-p 00000000 00:00 0 
7f0077ef4000-7f00780f4000 rw-p 00000000 00:00 0 
7f00780f4000-7f00782f4000 rw-p 00000000 00:00 0 
7f00782f4000-7f00784f4000 rw-p 00000000 00:00 0 
7f00784f4000-7f00786f4000 rw-p 00000000 00:00 0 
7f00786f4000-7f00788f4000 rw-p 00000000 00:00 0 
7f00788f4000-7f0078af4000 rw-p 00000000 00:00 0 
7f0078af4000-7f0078af7000 ---p 00000000 00:00 0 
7f0078af7000-7f0078cf5000 rw-p 00000000 00:00 0                          [stack:3854]
7f0078cf5000-7f0078cf8000 ---p 00000000 00:00 0 
7f0078cf8000-7f00790f6000 rw-p 00000000 00:00 0 
7f00790f6000-7f00792f6000 rw-p 00000000 00:00 0 
7f00792f6000-7f00793cf000 r-xp 00000000 fd:02 8003262                    /home/mhcrnl/jdk1.8.0_73/jre/lib/amd64/libmlib_image.so
7f00793cf000-7f00795cf000 ---p 000d9000 fd:02 8003262                    /home/mhcrnl/jdk1.8.0_73/jre/lib/amd64/libmlib_image.so
7f00795cf000-7f00795d0000 rw-p 000d9000 fd:02 8003262                    /home/mhcrnl/jdk1.8.0_73/jre/lib/amd64/libmlib_image.so
7f00795d0000-7f00795fa000 r-xp 00000000 fd:02 8003332                    /home/mhcrnl/jdk1.8.0_73/jre/lib/amd64/libdcpr.so
7f00795fa000-7f00797fa000 ---p 0002a000 fd:02 8003332                    /home/mhcrnl/jdk1.8.0_73/jre/lib/amd64/libdcpr.so
7f00797fa000-7f00797fd000 rw-p 0002a000 fd:02 8003332                    /home/mhcrnl/jdk1.8.0_73/jre/lib/amd64/libdcpr.so
7f00797fd000-7f00799fd000 rw-p 00000000 00:00 0 
7f00799fd000-7f0079bfd000 rw-p 00000000 00:00 0 
7f0079bfd000-7f0079dfd000 rw-p 00000000 00:00 0 
7f0079dfd000-7f0079ffd000 rw-p 00000000 00:00 0 
7f0079ffd000-7f007a1fd000 rw-p 00000000 00:00 0 
7f007a1fd000-7f007a200000 ---p 00000000 00:00 0 
7f007a200000-7f007a5fe000 rw-p 00000000 00:00 0                          [stack:3834]
7f007a5fe000-7f007a601000 ---p 00000000 00:00 0 
7f007a601000-7f007a9ff000 rw-p 00000000 00:00 0                          [stack:3825]
7f007a9ff000-7f007aa02000 ---p 00000000 00:00 0 
7f007aa02000-7f007ac00000 rw-p 00000000 00:00 0                          [stack:3824]
7f007ac00000-7f007ac03000 ---p 00000000 00:00 0 
7f007ac03000-7f007b001000 rw-p 00000000 00:00 0                          [stack:3823]
7f007b001000-7f007b009000 r-xp 00000000 fd:02 8003265                    /home/mhcrnl/jdk1.8.0_73/jre/lib/amd64/libmanagement.so
7f007b009000-7f007b209000 ---p 00008000 fd:02 8003265                    /home/mhcrnl/jdk1.8.0_73/jre/lib/amd64/libmanagement.so
7f007b209000-7f007b20a000 rw-p 00008000 fd:02 8003265                    /home/mhcrnl/jdk1.8.0_73/jre/lib/amd64/libmanagement.so
7f007b20a000-7f007b22c000 r--s 00000000 fd:01 2361184                    /usr/share/mime/mime.cache
7f007b22c000-7f007b23a000 r--p 00000000 fd:01 2753663                    /usr/share/fonts/abattis-cantarell/Cantarell-Regular.otf
7f007b365000-7f007b368000 ---p 00000000 00:00 0 
7f007b368000-7f007b766000 rw-p 00000000 00:00 0                          [stack:3816]
7f007b766000-7f007b7e0000 r-xp 00000000 fd:01 1841358                    /usr/lib64/libfreebl3.so
7f007b7e0000-7f007b9df000 ---p 0007a000 fd:01 1841358                    /usr/lib64/libfreebl3.so
7f007b9df000-7f007b9e1000 r--p 00079000 fd:01 1841358                    /usr/lib64/libfreebl3.so
7f007b9e1000-7f007b9e2000 rw-p 0007b000 fd:01 1841358                    /usr/lib64/libfreebl3.so
7f007b9e2000-7f007b9e6000 rw-p 00000000 00:00 0 
7f007b9e6000-7f007b9ed000 r-xp 00000000 fd:01 1840340                    /usr/lib64/libcrypt-2.21.so
7f007b9ed000-7f007bbec000 ---p 00007000 fd:01 1840340                    /usr/lib64/libcrypt-2.21.so
7f007bbec000-7f007bbed000 r--p 00006000 fd:01 1840340                    /usr/lib64/libcrypt-2.21.so
7f007bbed000-7f007bbee000 rw-p 00007000 fd:01 1840340                    /usr/lib64/libcrypt-2.21.so
7f007bbee000-7f007bc1c000 rw-p 00000000 00:00 0 
7f007bc1c000-7f007bc22000 r-xp 00000000 fd:01 1842464                    /usr/lib64/libogg.so.0.8.2
7f007bc22000-7f007be21000 ---p 00006000 fd:01 1842464                    /usr/lib64/libogg.so.0.8.2
7f007be21000-7f007be22000 r--p 00005000 fd:01 1842464                    /usr/lib64/libogg.so.0.8.2
7f007be22000-7f007be23000 rw-p 00006000 fd:01 1842464                    /usr/lib64/libogg.so.0.8.2
7f007be23000-7f007be4e000 r-xp 00000000 fd:01 1842711                    /usr/lib64/libvorbis.so.0.4.7
7f007be4e000-7f007c04e000 ---p 0002b000 fd:01 1842711                    /usr/lib64/libvorbis.so.0.4.7
7f007c04e000-7f007c04f000 r--p 0002b000 fd:01 1842711                    /usr/lib64/libvorbis.so.0.4.7
7f007c04f000-7f007c050000 rw-p 0002c000 fd:01 1842711                    /usr/lib64/libvorbis.so.0.4.7
7f007c050000-7f007c059000 r-xp 00000000 fd:01 1842109                    /usr/lib64/libltdl.so.7.3.0
7f007c059000-7f007c258000 ---p 00009000 fd:01 1842109                    /usr/lib64/libltdl.so.7.3.0
7f007c258000-7f007c259000 r--p 00008000 fd:01 1842109                    /usr/lib64/libltdl.so.7.3.0
7f007c259000-7f007c25a000 rw-p 00009000 fd:01 1842109                    /usr/lib64/libltdl.so.7.3.0
7f007c25a000-7f007c26e000 r-xp 00000000 fd:01 1848291                    /usr/lib64/libtdb.so.1.3.8
7f007c26e000-7f007c46d000 ---p 00014000 fd:01 1848291                    /usr/lib64/libtdb.so.1.3.8
7f007c46d000-7f007c46e000 r--p 00013000 fd:01 1848291                    /usr/lib64/libtdb.so.1.3.8
7f007c46e000-7f007c46f000 rw-p 00014000 fd:01 1848291                    /usr/lib64/libtdb.so.1.3.8
7f007c46f000-7f007c477000 r-xp 00000000 fd:01 1842713                    /usr/lib64/libvorbisfile.so.3.3.6
7f007c477000-7f007c676000 ---p 00008000 fd:01 1842713                    /usr/lib64/libvorbisfile.so.3.3.6
7f007c676000-7f007c677000 r--p 00007000 fd:01 1842713                    /usr/lib64/libvorbisfile.so.3.3.6
7f007c677000-7f007c678000 rw-p 00008000 fd:01 1842713                    /usr/lib64/libvorbisfile.so.3.3.6
7f007c678000-7f007c689000 r-xp 00000000 fd:01 1841985                    /usr/lib64/libcanberra.so.0.2.5
7f007c689000-7f007c888000 ---p 00011000 fd:01 1841985                    /usr/lib64/libcanberra.so.0.2.5
7f007c888000-7f007c889000 r--p 00010000 fd:01 1841985                    /usr/lib64/libcanberra.so.0.2.5
7f007c889000-7f007c88a000 rw-p 00011000 fd:01 1841985                    /usr/lib64/libcanberra.so.0.2.5
7f007c88a000-7f007c88e000 r-xp 00000000 fd:01 1841983                    /usr/lib64/libcanberra-gtk.so.0.1.9
7f007c88e000-7f007ca8d000 ---p 00004000 fd:01 1841983                    /usr/lib64/libcanberra-gtk.so.0.1.9
7f007ca8d000-7f007ca8e000 r--p 00003000 fd:01 1841983                    /usr/lib64/libcanberra-gtk.so.0.1.9
7f007ca8e000-7f007ca8f000 rw-p 00004000 fd:01 1841983                    /usr/lib64/libcanberra-gtk.so.0.1.9
7f007ca8f000-7f007ca94000 r-xp 00000000 fd:01 2099679                    /usr/lib64/gtk-2.0/modules/libcanberra-gtk-module.so
7f007ca94000-7f007cc94000 ---p 00005000 fd:01 2099679                    /usr/lib64/gtk-2.0/modules/libcanberra-gtk-module.so
7f007cc94000-7f007cc95000 r--p 00005000 fd:01 2099679                    /usr/lib64/gtk-2.0/modules/libcanberra-gtk-module.so
7f007cc95000-7f007cc96000 rw-p 00006000 fd:01 2099679                    /usr/lib64/gtk-2.0/modules/libcanberra-gtk-module.so
7f007cc96000-7f007ccdd000 r-xp 00000000 fd:01 1836631                    /usr/lib64/libdbus-1.so.3.8.13
7f007ccdd000-7f007cedd000 ---p 00047000 fd:01 1836631                    /usr/lib64/libdbus-1.so.3.8.13
7f007cedd000-7f007cede000 r--p 00047000 fd:01 1836631                    /usr/lib64/libdbus-1.so.3.8.13
7f007cede000-7f007cedf000 rw-p 00048000 fd:01 1836631                    /usr/lib64/libdbus-1.so.3.8.13
7f007cedf000-7f007cf0c000 r-xp 00000000 fd:01 1841946                    /usr/lib64/libatspi.so.0.0.1
7f007cf0c000-7f007d10b000 ---p 0002d000 fd:01 1841946                    /usr/lib64/libatspi.so.0.0.1
7f007d10b000-7f007d10e000 r--p 0002c000 fd:01 1841946                    /usr/lib64/libatspi.so.0.0.1
7f007d10e000-7f007d10f000 rw-p 0002f000 fd:01 1841946                    /usr/lib64/libatspi.so.0.0.1
7f007d10f000-7f007d13b000 r-xp 00000000 fd:01 1841941                    /usr/lib64/libatk-bridge-2.0.so.0.0.0
7f007d13b000-7f007d33b000 ---p 0002c000 fd:01 1841941                    /usr/lib64/libatk-bridge-2.0.so.0.0.0
7f007d33b000-7f007d33c000 r--p 0002c000 fd:01 1841941                    /usr/lib64/libatk-bridge-2.0.so.0.0.0
7f007d33c000-7f007d33e000 rw-p 0002d000 fd:01 1841941                    /usr/lib64/libatk-bridge-2.0.so.0.0.0
7f007d33e000-7f007d33f000 r-xp 00000000 fd:01 2099709                    /usr/lib64/gtk-2.0/modules/libatk-bridge.so
7f007d33f000-7f007d53e000 ---p 00001000 fd:01 2099709                    /usr/lib64/gtk-2.0/modules/libatk-bridge.so
7f007d53e000-7f007d53f000 r--p 00000000 fd:01 2099709                    /usr/lib64/gtk-2.0/modules/libatk-bridge.so
7f007d53f000-7f007d540000 rw-p 00001000 fd:01 2099709                    /usr/lib64/gtk-2.0/modules/libatk-bridge.so
7f007d540000-7f007d547000 r-xp 00000000 fd:01 1835907                    /usr/lib64/libgailutil.so.18.0.1
7f007d547000-7f007d746000 ---p 00007000 fd:01 1835907                    /usr/lib64/libgailutil.so.18.0.1
7f007d746000-7f007d747000 r--p 00006000 fd:01 1835907                    /usr/lib64/libgailutil.so.18.0.1
7f007d747000-7f007d748000 rw-p 00007000 fd:01 1835907                    /usr/lib64/libgailutil.so.18.0.1
7f007d748000-7f007d7a0000 r-xp 00000000 fd:01 2100157                    /usr/lib64/gtk-2.0/modules/libgail.so
7f007d7a0000-7f007d9a0000 ---p 00058000 fd:01 2100157                    /usr/lib64/gtk-2.0/modules/libgail.so
7f007d9a0000-7f007d9a1000 r--p 00058000 fd:01 2100157                    /usr/lib64/gtk-2.0/modules/libgail.so
7f007d9a1000-7f007d9a3000 rw-p 00059000 fd:01 2100157                    /usr/lib64/gtk-2.0/modules/libgail.so
7f007d9a3000-7f007d9a4000 r-xp 00000000 fd:01 2099566                    /usr/lib64/gtk-2.0/modules/libpk-gtk-module.so
7f007d9a4000-7f007dba3000 ---p 00001000 fd:01 2099566                    /usr/lib64/gtk-2.0/modules/libpk-gtk-module.so
7f007dba3000-7f007dba4000 r--p 00000000 fd:01 2099566                    /usr/lib64/gtk-2.0/modules/libpk-gtk-module.so
7f007dba4000-7f007dba5000 rw-p 00001000 fd:01 2099566                    /usr/lib64/gtk-2.0/modules/libpk-gtk-module.so
7f007dba5000-7f007dba8000 r-xp 00000000 fd:01 2112249                    /usr/lib64/gtk-2.0/2.10.0/engines/libadwaita.so
7f007dba8000-7f007dda7000 ---p 00003000 fd:01 2112249                    /usr/lib64/gtk-2.0/2.10.0/engines/libadwaita.so
7f007dda7000-7f007dda8000 r--p 00002000 fd:01 2112249                    /usr/lib64/gtk-2.0/2.10.0/engines/libadwaita.so
7f007dda8000-7f007dda9000 rw-p 00003000 fd:01 2112249                    /usr/lib64/gtk-2.0/2.10.0/engines/libadwaita.so
7f007dda9000-7f007ddb3000 r-xp 00000000 fd:01 2100294                    /usr/lib64/gtk-2.0/2.10.0/engines/libpixmap.so
7f007ddb3000-7f007dfb2000 ---p 0000a000 fd:01 2100294                    /usr/lib64/gtk-2.0/2.10.0/engines/libpixmap.so
7f007dfb2000-7f007dfb3000 r--p 00009000 fd:01 2100294                    /usr/lib64/gtk-2.0/2.10.0/engines/libpixmap.so
7f007dfb3000-7f007dfb4000 rw-p 0000a000 fd:01 2100294                    /usr/lib64/gtk-2.0/2.10.0/engines/libpixmap.so
7f007dfb4000-7f007e1b4000 rw-p 00000000 00:00 0 
7f007e1b4000-7f007e223000 r-xp 00000000 fd:01 1840463                    /usr/lib64/libpcre.so.1.2.6
7f007e223000-7f007e422000 ---p 0006f000 fd:01 1840463                    /usr/lib64/libpcre.so.1.2.6
7f007e422000-7f007e423000 r--p 0006e000 fd:01 1840463                    /usr/lib64/libpcre.so.1.2.6
7f007e423000-7f007e424000 rw-p 0006f000 fd:01 1840463                    /usr/lib64/libpcre.so.1.2.6
7f007e424000-7f007e429000 r-xp 00000000 fd:01 1841917                    /usr/lib64/libXxf86vm.so.1.0.0
7f007e429000-7f007e628000 ---p 00005000 fd:01 1841917                    /usr/lib64/libXxf86vm.so.1.0.0
7f007e628000-7f007e629000 r--p 00004000 fd:01 1841917                    /usr/lib64/libXxf86vm.so.1.0.0
7f007e629000-7f007e62a000 rw-p 00005000 fd:01 1841917                    /usr/lib64/libXxf86vm.so.1.0.0
7f007e62a000-7f007e62b000 r-xp 00000000 fd:01 1843749                    /usr/lib64/libxshmfence.so.1.0.0
7f007e62b000-7f007e82b000 ---p 00001000 fd:01 1843749                    /usr/lib64/libxshmfence.so.1.0.0
7f007e82b000-7f007e82c000 r--p 00001000 fd:01 1843749                    /usr/lib64/libxshmfence.so.1.0.0
7f007e82c000-7f007e82d000 rw-p 00002000 fd:01 1843749                    /usr/lib64/libxshmfence.so.1.0.0
7f007e82d000-7f007e832000 r-xp 00000000 fd:01 1845226                    /usr/lib64/libxcb-sync.so.1.0.0
7f007e832000-7f007ea32000 ---p 00005000 fd:01 1845226                    /usr/lib64/libxcb-sync.so.1.0.0
7f007ea32000-7f007ea33000 r--p 00005000 fd:01 1845226                    /usr/lib64/libxcb-sync.so.1.0.0
7f007ea33000-7f007ea34000 rw-p 00006000 fd:01 1845226                    /usr/lib64/libxcb-sync.so.1.0.0
7f007ea34000-7f007ea40000 r-xp 00000000 fd:01 1845205                    /usr/lib64/libxcb-randr.so.0.1.0
7f007ea40000-7f007ec40000 ---p 0000c000 fd:01 1845205                    /usr/lib64/libxcb-randr.so.0.1.0
7f007ec40000-7f007ec41000 r--p 0000c000 fd:01 1845205                    /usr/lib64/libxcb-randr.so.0.1.0
7f007ec41000-7f007ec42000 rw-p 0000d000 fd:01 1845205                    /usr/lib64/libxcb-randr.so.0.1.0
7f007ec42000-7f007ec44000 r-xp 00000000 fd:01 1845169                    /usr/lib64/libxcb-present.so.0.0.0
7f007ec44000-7f007ee43000 ---p 00002000 fd:01 1845169                    /usr/lib64/libxcb-present.so.0.0.0
7f007ee43000-7f007ee44000 r--p 00001000 fd:01 1845169                    /usr/lib64/libxcb-present.so.0.0.0
7f007ee44000-7f007ee45000 rw-p 00002000 fd:01 1845169                    /usr/lib64/libxcb-present.so.0.0.0
7f007ee45000-7f007ee47000 r-xp 00000000 fd:01 1845165                    /usr/lib64/libxcb-dri3.so.0.0.0
7f007ee47000-7f007f046000 ---p 00002000 fd:01 1845165                    /usr/lib64/libxcb-dri3.so.0.0.0
7f007f046000-7f007f047000 r--p 00001000 fd:01 1845165                    /usr/lib64/libxcb-dri3.so.0.0.0
7f007f047000-7f007f048000 rw-p 00002000 fd:01 1845165                    /usr/lib64/libxcb-dri3.so.0.0.0
7f007f048000-7f007f05f000 r-xp 00000000 fd:01 1845167                    /usr/lib64/libxcb-glx.so.0.0.0
7f007f05f000-7f007f25e000 ---p 00017000 fd:01 1845167                    /usr/lib64/libxcb-glx.so.0.0.0
7f007f25e000-7f007f260000 r--p 00016000 fd:01 1845167                    /usr/lib64/libxcb-glx.so.0.0.0
7f007f260000-7f007f261000 rw-p 00018000 fd:01 1845167                    /usr/lib64/libxcb-glx.so.0.0.0
7f007f261000-7f007f28a000 r-xp 00000000 fd:01 1841212                    /usr/lib64/libglapi.so.0.0.0
7f007f28a000-7f007f489000 ---p 00029000 fd:01 1841212                    /usr/lib64/libglapi.so.0.0.0
7f007f489000-7f007f48d000 r--p 00028000 fd:01 1841212                    /usr/lib64/libglapi.so.0.0.0
7f007f48d000-7f007f48e000 rw-p 0002c000 fd:01 1841212                    /usr/lib64/libglapi.so.0.0.0
7f007f48e000-7f007f48f000 rw-p 00000000 00:00 0 
7f007f48f000-7f007f49b000 r-xp 00000000 fd:01 1835618                    /usr/lib64/libdrm.so.2.4.0
7f007f49b000-7f007f69a000 ---p 0000c000 fd:01 1835618                    /usr/lib64/libdrm.so.2.4.0
7f007f69a000-7f007f69b000 r--p 0000b000 fd:01 1835618                    /usr/lib64/libdrm.so.2.4.0
7f007f69b000-7f007f69c000 rw-p 0000c000 fd:01 1835618                    /usr/lib64/libdrm.so.2.4.0
7f007f69c000-7f007f6ab000 r-xp 00000000 fd:01 1842724                    /usr/lib64/libwayland-server.so.0.1.0
7f007f6ab000-7f007f8ab000 ---p 0000f000 fd:01 1842724                    /usr/lib64/libwayland-server.so.0.1.0
7f007f8ab000-7f007f8ad000 r--p 0000f000 fd:01 1842724                    /usr/lib64/libwayland-server.so.0.1.0
7f007f8ad000-7f007f8ae000 rw-p 00011000 fd:01 1842724                    /usr/lib64/libwayland-server.so.0.1.0
7f007f8ae000-7f007f8ba000 r-xp 00000000 fd:01 1842721                    /usr/lib64/libwayland-client.so.0.3.0
7f007f8ba000-7f007fab9000 ---p 0000c000 fd:01 1842721                    /usr/lib64/libwayland-client.so.0.3.0
7f007fab9000-7f007fabb000 r--p 0000b000 fd:01 1842721                    /usr/lib64/libwayland-client.so.0.3.0
7f007fabb000-7f007fabc000 rw-p 0000d000 fd:01 1842721                    /usr/lib64/libwayland-client.so.0.3.0
7f007fabc000-7f007fac8000 r-xp 00000000 fd:01 1848095                    /usr/lib64/libgbm.so.1.0.0
7f007fac8000-7f007fcc8000 ---p 0000c000 fd:01 1848095                    /usr/lib64/libgbm.so.1.0.0
7f007fcc8000-7f007fcc9000 r--p 0000c000 fd:01 1848095                    /usr/lib64/libgbm.so.1.0.0
7f007fcc9000-7f007fcca000 rw-p 0000d000 fd:01 1848095                    /usr/lib64/libgbm.so.1.0.0
7f007fcca000-7f007fccd000 r-xp 00000000 fd:01 1842796                    /usr/lib64/libxcb-shape.so.0.0.0
7f007fccd000-7f007fecc000 ---p 00003000 fd:01 1842796                    /usr/lib64/libxcb-shape.so.0.0.0
7f007fecc000-7f007fecd000 r--p 00002000 fd:01 1842796                    /usr/lib64/libxcb-shape.so.0.0.0
7f007fecd000-7f007fece000 rw-p 00003000 fd:01 1842796                    /usr/lib64/libxcb-shape.so.0.0.0
7f007fece000-7f007fed4000 r-xp 00000000 fd:01 1842802                    /usr/lib64/libxcb-xfixes.so.0.0.0
7f007fed4000-7f00800d4000 ---p 00006000 fd:01 1842802                    /usr/lib64/libxcb-xfixes.so.0.0.0
7f00800d4000-7f00800d5000 r--p 00006000 fd:01 1842802                    /usr/lib64/libxcb-xfixes.so.0.0.0
7f00800d5000-7f00800d6000 rw-p 00007000 fd:01 1842802                    /usr/lib64/libxcb-xfixes.so.0.0.0
7f00800d6000-7f00800da000 r-xp 00000000 fd:01 1842782                    /usr/lib64/libxcb-dri2.so.0.0.0
7f00800da000-7f00802d9000 ---p 00004000 fd:01 1842782                    /usr/lib64/libxcb-dri2.so.0.0.0
7f00802d9000-7f00802da000 r--p 00003000 fd:01 1842782                    /usr/lib64/libxcb-dri2.so.0.0.0
7f00802da000-7f00802db000 rw-p 00004000 fd:01 1842782                    /usr/lib64/libxcb-dri2.so.0.0.0
7f00802db000-7f00802dc000 r-xp 00000000 fd:01 1841890                    /usr/lib64/libX11-xcb.so.1.0.0
7f00802dc000-7f00804db000 ---p 00001000 fd:01 1841890                    /usr/lib64/libX11-xcb.so.1.0.0
7f00804db000-7f00804dc000 r--p 00000000 fd:01 1841890                    /usr/lib64/libX11-xcb.so.1.0.0
7f00804dc000-7f00804dd000 rw-p 00001000 fd:01 1841890                    /usr/lib64/libX11-xcb.so.1.0.0
7f00804dd000-7f00804ec000 r-xp 00000000 fd:01 1841975                    /usr/lib64/libbz2.so.1.0.6
7f00804ec000-7f00806eb000 ---p 0000f000 fd:01 1841975                    /usr/lib64/libbz2.so.1.0.6
7f00806eb000-7f00806ec000 r--p 0000e000 fd:01 1841975                    /usr/lib64/libbz2.so.1.0.6
7f00806ec000-7f00806ed000 rw-p 0000f000 fd:01 1841975                    /usr/lib64/libbz2.so.1.0.6
7f00806ed000-7f0080709000 r-xp 00000000 fd:01 1842222                    /usr/lib64/libgraphite2.so.3.0.1
7f0080709000-7f0080908000 ---p 0001c000 fd:01 1842222                    /usr/lib64/libgraphite2.so.3.0.1
7f0080908000-7f008090a000 r--p 0001b000 fd:01 1842222                    /usr/lib64/libgraphite2.so.3.0.1
7f008090a000-7f008090b000 rw-p 0001d000 fd:01 1842222                    /usr/lib64/libgraphite2.so.3.0.1
7f008090b000-7f0080931000 r-xp 00000000 fd:01 1842105                    /usr/lib64/libexpat.so.1.6.0
7f0080931000-7f0080b31000 ---p 00026000 fd:01 1842105                    /usr/lib64/libexpat.so.1.6.0
7f0080b31000-7f0080b34000 r--p 00026000 fd:01 1842105                    /usr/lib64/libexpat.so.1.6.0
7f0080b34000-7f0080b35000 rw-p 00029000 fd:01 1842105                    /usr/lib64/libexpat.so.1.6.0
7f0080b35000-7f0080b4c000 r-xp 00000000 fd:01 1841275                    /usr/lib64/libresolv-2.21.so
7f0080b4c000-7f0080d4c000 ---p 00017000 fd:01 1841275                    /usr/lib64/libresolv-2.21.so
7f0080d4c000-7f0080d4d000 r--p 00017000 fd:01 1841275                    /usr/lib64/libresolv-2.21.so
7f0080d4d000-7f0080d4e000 rw-p 00018000 fd:01 1841275                    /usr/lib64/libresolv-2.21.so
7f0080d4e000-7f0080d50000 rw-p 00000000 00:00 0 
7f0080d50000-7f0080d71000 r-xp 00000000 fd:01 1840416                    /usr/lib64/libselinux.so.1
7f0080d71000-7f0080f70000 ---p 00021000 fd:01 1840416                    /usr/lib64/libselinux.so.1
7f0080f70000-7f0080f71000 r--p 00020000 fd:01 1840416                    /usr/lib64/libselinux.so.1
7f0080f71000-7f0080f72000 rw-p 00021000 fd:01 1840416                    /usr/lib64/libselinux.so.1
7f0080f72000-7f0080f74000 rw-p 00000000 00:00 0 
7f0080f74000-7f0080f7b000 r-xp 00000000 fd:01 1843740                    /usr/lib64/libffi.so.6.0.2
7f0080f7b000-7f008117a000 ---p 00007000 fd:01 1843740                    /usr/lib64/libffi.so.6.0.2
7f008117a000-7f008117b000 r--p 00006000 fd:01 1843740                    /usr/lib64/libffi.so.6.0.2
7f008117b000-7f008117c000 rw-p 00007000 fd:01 1843740                    /usr/lib64/libffi.so.6.0.2
7f008117c000-7f0081210000 r-xp 00000000 fd:01 1841214                    /usr/lib64/libGL.so.1.2.0
7f0081210000-7f008140f000 ---p 00094000 fd:01 1841214                    /usr/lib64/libGL.so.1.2.0
7f008140f000-7f0081412000 r--p 00093000 fd:01 1841214                    /usr/lib64/libGL.so.1.2.0
7f0081412000-7f0081413000 rw-p 00096000 fd:01 1841214                    /usr/lib64/libGL.so.1.2.0
7f0081413000-7f0081414000 rw-p 00000000 00:00 0 
7f0081414000-7f0081429000 r-xp 00000000 fd:01 1842837                    /usr/lib64/libz.so.1.2.8
7f0081429000-7f0081628000 ---p 00015000 fd:01 1842837                    /usr/lib64/libz.so.1.2.8
7f0081628000-7f0081629000 r--p 00014000 fd:01 1842837                    /usr/lib64/libz.so.1.2.8
7f0081629000-7f008162a000 rw-p 00015000 fd:01 1842837                    /usr/lib64/libz.so.1.2.8
7f008162a000-7f0081633000 r-xp 00000000 fd:01 1842792                    /usr/lib64/libxcb-render.so.0.0.0
7f0081633000-7f0081832000 ---p 00009000 fd:01 1842792                    /usr/lib64/libxcb-render.so.0.0.0
7f0081832000-7f0081833000 r--p 00008000 fd:01 1842792                    /usr/lib64/libxcb-render.so.0.0.0
7f0081833000-7f0081834000 rw-p 00009000 fd:01 1842792                    /usr/lib64/libxcb-render.so.0.0.0
7f0081834000-7f0081836000 r-xp 00000000 fd:01 1845222                    /usr/lib64/libxcb-shm.so.0.0.0
7f0081836000-7f0081a36000 ---p 00002000 fd:01 1845222                    /usr/lib64/libxcb-shm.so.0.0.0
7f0081a36000-7f0081a37000 r--p 00002000 fd:01 1845222                    /usr/lib64/libxcb-shm.so.0.0.0
7f0081a37000-7f0081a38000 rw-p 00003000 fd:01 1845222                    /usr/lib64/libxcb-shm.so.0.0.0
7f0081a38000-7f0081a69000 r-xp 00000000 fd:01 1841249                    /usr/lib64/libpng16.so.16.19.0
7f0081a69000-7f0081c68000 ---p 00031000 fd:01 1841249                    /usr/lib64/libpng16.so.16.19.0
7f0081c68000-7f0081c69000 r--p 00030000 fd:01 1841249                    /usr/lib64/libpng16.so.16.19.0
7f0081c69000-7f0081c6a000 rw-p 00031000 fd:01 1841249                    /usr/lib64/libpng16.so.16.19.0
7f0081c6a000-7f0081c90000 r-xp 00000000 fd:01 1848096                    /usr/lib64/libEGL.so.1.0.0
7f0081c90000-7f0081e8f000 ---p 00026000 fd:01 1848096                    /usr/lib64/libEGL.so.1.0.0
7f0081e8f000-7f0081e90000 r--p 00025000 fd:01 1848096                    /usr/lib64/libEGL.so.1.0.0
7f0081e90000-7f0081e91000 rw-p 00026000 fd:01 1848096                    /usr/lib64/libEGL.so.1.0.0
7f0081e91000-7f0081f30000 r-xp 00000000 fd:01 1839334                    /usr/lib64/libpixman-1.so.0.34.0
7f0081f30000-7f008212f000 ---p 0009f000 fd:01 1839334                    /usr/lib64/libpixman-1.so.0.34.0
7f008212f000-7f0082137000 r--p 0009e000 fd:01 1839334                    /usr/lib64/libpixman-1.so.0.34.0
7f0082137000-7f0082138000 rw-p 000a6000 fd:01 1839334                    /usr/lib64/libpixman-1.so.0.34.0
7f0082138000-7f00821da000 r-xp 00000000 fd:01 1843545                    /usr/lib64/libfreetype.so.6.11.4
7f00821da000-7f00823d9000 ---p 000a2000 fd:01 1843545                    /usr/lib64/libfreetype.so.6.11.4
7f00823d9000-7f00823df000 r--p 000a1000 fd:01 1843545                    /usr/lib64/libfreetype.so.6.11.4
7f00823df000-7f00823e0000 rw-p 000a7000 fd:01 1843545                    /usr/lib64/libfreetype.so.6.11.4
7f00823e0000-7f008243b000 r-xp 00000000 fd:01 1845815                    /usr/lib64/libharfbuzz.so.0.940.0
7f008243b000-7f008263a000 ---p 0005b000 fd:01 1845815                    /usr/lib64/libharfbuzz.so.0.940.0
7f008263a000-7f008263b000 r--p 0005a000 fd:01 1845815                    /usr/lib64/libharfbuzz.so.0.940.0
7f008263b000-7f008263c000 rw-p 0005b000 fd:01 1845815                    /usr/lib64/libharfbuzz.so.0.940.0
7f008263c000-7f008263d000 r-xp 00000000 fd:01 1845995                    /usr/lib64/libgthread-2.0.so.0.4400.1
7f008263d000-7f008283c000 ---p 00001000 fd:01 1845995                    /usr/lib64/libgthread-2.0.so.0.4400.1
7f008283c000-7f008283d000 r--p 00000000 fd:01 1845995                    /usr/lib64/libgthread-2.0.so.0.4400.1
7f008283d000-7f008283e000 rw-p 00001000 fd:01 1845995                    /usr/lib64/libgthread-2.0.so.0.4400.1
7f008283e000-7f0082840000 r-xp 00000000 fd:01 1841896                    /usr/lib64/libXdamage.so.1.1.0
7f0082840000-7f0082a3f000 ---p 00002000 fd:01 1841896                    /usr/lib64/libXdamage.so.1.1.0
7f0082a3f000-7f0082a40000 r--p 00001000 fd:01 1841896                    /usr/lib64/libXdamage.so.1.1.0
7f0082a40000-7f0082a41000 rw-p 00002000 fd:01 1841896                    /usr/lib64/libXdamage.so.1.1.0
7f0082a41000-7f0082a43000 r-xp 00000000 fd:01 1841894                    /usr/lib64/libXcomposite.so.1.0.0
7f0082a43000-7f0082c42000 ---p 00002000 fd:01 1841894                    /usr/lib64/libXcomposite.so.1.0.0
7f0082c42000-7f0082c43000 r--p 00001000 fd:01 1841894                    /usr/lib64/libXcomposite.so.1.0.0
7f0082c43000-7f0082c44000 rw-p 00002000 fd:01 1841894                    /usr/lib64/libXcomposite.so.1.0.0
7f0082c44000-7f0082c4d000 r-xp 00000000 fd:01 1841908                    /usr/lib64/libXrandr.so.2.2.0
7f0082c4d000-7f0082e4c000 ---p 00009000 fd:01 1841908                    /usr/lib64/libXrandr.so.2.2.0
7f0082e4c000-7f0082e4d000 r--p 00008000 fd:01 1841908                    /usr/lib64/libXrandr.so.2.2.0
7f0082e4d000-7f0082e4e000 rw-p 00009000 fd:01 1841908                    /usr/lib64/libXrandr.so.2.2.0
7f0082e4e000-7f0082e50000 r-xp 00000000 fd:01 1841904                    /usr/lib64/libXinerama.so.1.0.0
7f0082e50000-7f008304f000 ---p 00002000 fd:01 1841904                    /usr/lib64/libXinerama.so.1.0.0
7f008304f000-7f0083050000 r--p 00001000 fd:01 1841904                    /usr/lib64/libXinerama.so.1.0.0
7f0083050000-7f0083051000 rw-p 00002000 fd:01 1841904                    /usr/lib64/libXinerama.so.1.0.0
7f0083051000-7f008308e000 r-xp 00000000 fd:01 1842129                    /usr/lib64/libfontconfig.so.1.9.0
7f008308e000-7f008328e000 ---p 0003d000 fd:01 1842129                    /usr/lib64/libfontconfig.so.1.9.0
7f008328e000-7f0083290000 r--p 0003d000 fd:01 1842129                    /usr/lib64/libfontconfig.so.1.9.0
7f0083290000-7f0083295000 rw-p 0003f000 fd:01 1842129                    /usr/lib64/libfontconfig.so.1.9.0
7f0083295000-7f00833cc000 r-xp 00000000 fd:01 1845992                    /usr/lib64/libglib-2.0.so.0.4400.1
7f00833cc000-7f00835cc000 ---p 00137000 fd:01 1845992                    /usr/lib64/libglib-2.0.so.0.4400.1
7f00835cc000-7f00835cd000 r--p 00137000 fd:01 1845992                    /usr/lib64/libglib-2.0.so.0.4400.1
7f00835cd000-7f00835ce000 rw-p 00138000 fd:01 1845992                    /usr/lib64/libglib-2.0.so.0.4400.1
7f00835ce000-7f00835cf000 rw-p 00000000 00:00 0 
7f00835cf000-7f008361f000 r-xp 00000000 fd:01 1845994                    /usr/lib64/libgobject-2.0.so.0.4400.1
7f008361f000-7f008381f000 ---p 00050000 fd:01 1845994                    /usr/lib64/libgobject-2.0.so.0.4400.1
7f008381f000-7f0083820000 r--p 00050000 fd:01 1845994                    /usr/lib64/libgobject-2.0.so.0.4400.1
7f0083820000-7f0083821000 rw-p 00051000 fd:01 1845994                    /usr/lib64/libgobject-2.0.so.0.4400.1
7f0083821000-7f008386a000 r-xp 00000000 fd:01 1836218                    /usr/lib64/libpango-1.0.so.0.3600.8
7f008386a000-7f0083a6a000 ---p 00049000 fd:01 1836218                    /usr/lib64/libpango-1.0.so.0.3600.8
7f0083a6a000-7f0083a6c000 r--p 00049000 fd:01 1836218                    /usr/lib64/libpango-1.0.so.0.3600.8
7f0083a6c000-7f0083a6d000 rw-p 0004b000 fd:01 1836218                    /usr/lib64/libpango-1.0.so.0.3600.8
7f0083a6d000-7f0083a81000 r-xp 00000000 fd:01 1840084                    /usr/lib64/libpangoft2-1.0.so.0.3600.8
7f0083a81000-7f0083c80000 ---p 00014000 fd:01 1840084                    /usr/lib64/libpangoft2-1.0.so.0.3600.8
7f0083c80000-7f0083c81000 r--p 00013000 fd:01 1840084                    /usr/lib64/libpangoft2-1.0.so.0.3600.8
7f0083c81000-7f0083c82000 rw-p 00014000 fd:01 1840084                    /usr/lib64/libpangoft2-1.0.so.0.3600.8
7f0083c82000-7f0083df8000 r-xp 00000000 fd:01 1835883                    /usr/lib64/libgio-2.0.so.0.4400.1
7f0083df8000-7f0083ff8000 ---p 00176000 fd:01 1835883                    /usr/lib64/libgio-2.0.so.0.4400.1
7f0083ff8000-7f0083ffc000 r--p 00176000 fd:01 1835883                    /usr/lib64/libgio-2.0.so.0.4400.1
7f0083ffc000-7f0083ffe000 rw-p 0017a000 fd:01 1835883                    /usr/lib64/libgio-2.0.so.0.4400.1
7f0083ffe000-7f0084000000 rw-p 00000000 00:00 0 
7f0084000000-7f0084639000 rw-p 00000000 00:00 0 
7f0084639000-7f0088000000 ---p 00000000 00:00 0 
7f0088064000-7f0088088000 r-xp 00000000 fd:01 1835783                    /usr/lib64/libgdk_pixbuf-2.0.so.0.3100.6
7f0088088000-7f0088288000 ---p 00024000 fd:01 1835783                    /usr/lib64/libgdk_pixbuf-2.0.so.0.3100.6
7f0088288000-7f0088289000 r--p 00024000 fd:01 1835783                    /usr/lib64/libgdk_pixbuf-2.0.so.0.3100.6
7f0088289000-7f008828a000 rw-p 00025000 fd:01 1835783                    /usr/lib64/libgdk_pixbuf-2.0.so.0.3100.6
7f008828a000-7f00883ae000 r-xp 00000000 fd:01 1845248                    /usr/lib64/libcairo.so.2.11400.2
7f00883ae000-7f00885ad000 ---p 00124000 fd:01 1845248                    /usr/lib64/libcairo.so.2.11400.2
7f00885ad000-7f00885b0000 r--p 00123000 fd:01 1845248                    /usr/lib64/libcairo.so.2.11400.2
7f00885b0000-7f00885b2000 rw-p 00126000 fd:01 1845248                    /usr/lib64/libcairo.so.2.11400.2
7f00885b2000-7f00885b3000 rw-p 00000000 00:00 0 
7f00885b3000-7f00885d6000 r-xp 00000000 fd:01 1841940                    /usr/lib64/libatk-1.0.so.0.21609.1
7f00885d6000-7f00887d5000 ---p 00023000 fd:01 1841940                    /usr/lib64/libatk-1.0.so.0.21609.1
7f00887d5000-7f00887d8000 r--p 00022000 fd:01 1841940                    /usr/lib64/libatk-1.0.so.0.21609.1
7f00887d8000-7f00887d9000 rw-p 00025000 fd:01 1841940                    /usr/lib64/libatk-1.0.so.0.21609.1
7f00887d9000-7f00887e5000 r-xp 00000000 fd:01 1840082                    /usr/lib64/libpangocairo-1.0.so.0.3600.8
7f00887e5000-7f00889e4000 ---p 0000c000 fd:01 1840082                    /usr/lib64/libpangocairo-1.0.so.0.3600.8
7f00889e4000-7f00889e5000 r--p 0000b000 fd:01 1840082                    /usr/lib64/libpangocairo-1.0.so.0.3600.8
7f00889e5000-7f00889e6000 rw-p 0000c000 fd:01 1840082                    /usr/lib64/libpangocairo-1.0.so.0.3600.8
7f00889e6000-7f00889e9000 r-xp 00000000 fd:01 1845993                    /usr/lib64/libgmodule-2.0.so.0.4400.1
7f00889e9000-7f0088be8000 ---p 00003000 fd:01 1845993                    /usr/lib64/libgmodule-2.0.so.0.4400.1
7f0088be8000-7f0088be9000 r--p 00002000 fd:01 1845993                    /usr/lib64/libgmodule-2.0.so.0.4400.1
7f0088be9000-7f0088bea000 rw-p 00003000 fd:01 1845993                    /usr/lib64/libgmodule-2.0.so.0.4400.1
7f0088bea000-7f0088ca7000 r-xp 00000000 fd:01 1836649                    /usr/lib64/libgdk-x11-2.0.so.0.2400.29
7f0088ca7000-7f0088ea6000 ---p 000bd000 fd:01 1836649                    /usr/lib64/libgdk-x11-2.0.so.0.2400.29
7f0088ea6000-7f0088eaa000 r--p 000bc000 fd:01 1836649                    /usr/lib64/libgdk-x11-2.0.so.0.2400.29
7f0088eaa000-7f0088eac000 rw-p 000c0000 fd:01 1836649                    /usr/lib64/libgdk-x11-2.0.so.0.2400.29
7f0088eac000-7f008932a000 r-xp 00000000 fd:01 1843334                    /usr/lib64/libgtk-x11-2.0.so.0.2400.29
7f008932a000-7f008952a000 ---p 0047e000 fd:01 1843334                    /usr/lib64/libgtk-x11-2.0.so.0.2400.29
7f008952a000-7f0089531000 r--p 0047e000 fd:01 1843334                    /usr/lib64/libgtk-x11-2.0.so.0.2400.29
7f0089531000-7f0089535000 rw-p 00485000 fd:01 1843334                    /usr/lib64/libgtk-x11-2.0.so.0.2400.29
7f0089535000-7f0089738000 rw-p 00000000 00:00 0 
7f0089738000-7f008973b000 ---p 00000000 00:00 0 
7f008973b000-7f0089939000 rw-p 00000000 00:00 0                          [stack:3804]
7f0089939000-7f0089950000 r-xp 00000000 fd:02 7090302                    /home/mhcrnl/netbeans-8.1/platform/modules/lib/amd64/linux/libjnidispatch-410.so
7f0089950000-7f0089a4f000 ---p 00017000 fd:02 7090302                    /home/mhcrnl/netbeans-8.1/platform/modules/lib/amd64/linux/libjnidispatch-410.so
7f0089a4f000-7f0089a51000 rw-p 00016000 fd:02 7090302                    /home/mhcrnl/netbeans-8.1/platform/modules/lib/amd64/linux/libjnidispatch-410.so
7f0089a51000-7f0089c51000 rw-p 00000000 00:00 0 
7f0089c51000-7f0089c54000 ---p 00000000 00:00 0 
7f0089c54000-7f0089e52000 rw-p 00000000 00:00 0                          [stack:7864]
7f0089e52000-7f0089e55000 ---p 00000000 00:00 0 
7f0089e55000-7f008a053000 rw-p 00000000 00:00 0 
7f008a053000-7f008a056000 ---p 00000000 00:00 0 
7f008a056000-7f008a254000 rw-p 00000000 00:00 0 
7f008a254000-7f008a257000 ---p 00000000 00:00 0 
7f008a257000-7f008a455000 rw-p 00000000 00:00 0 
7f008a455000-7f008a458000 ---p 00000000 00:00 0 
7f008a458000-7f008a656000 rw-p 00000000 00:00 0                          [stack:7859]
7f008a656000-7f008a659000 ---p 00000000 00:00 0 
7f008a659000-7f008a857000 rw-p 00000000 00:00 0 
7f008a857000-7f008a85a000 ---p 00000000 00:00 0 
7f008a85a000-7f008ac58000 rw-p 00000000 00:00 0                          [stack:3832]
7f008ac58000-7f008ae58000 rw-p 00000000 00:00 0 
7f008ae58000-7f008aec1000 r-xp 00000000 fd:02 8003345                    /home/mhcrnl/jdk1.8.0_73/jre/lib/amd64/libt2k.so
7f008aec1000-7f008b0c1000 ---p 00069000 fd:02 8003345                    /home/mhcrnl/jdk1.8.0_73/jre/lib/amd64/libt2k.so
7f008b0c1000-7f008b0c8000 rw-p 00069000 fd:02 8003345                    /home/mhcrnl/jdk1.8.0_73/jre/lib/amd64/libt2k.so
7f008b0c8000-7f008b2d8000 rw-p 00000000 00:00 0 
7f008b2d8000-7f008b3fc000 r--s 00000000 fd:02 6696239                    /home/mhcrnl/netbeans-8.1/nb/var/cache/all-layers.dat
7f008b3fc000-7f008b5fc000 rw-p 00000000 00:00 0 
7f008b5fc000-7f008b5ff000 ---p 00000000 00:00 0 
7f008b5ff000-7f008b7fd000 rw-p 00000000 00:00 0                          [stack:3833]
7f008b7fd000-7f008b800000 ---p 00000000 00:00 0 
7f008b800000-7f008b9fe000 rw-p 00000000 00:00 0                          [stack:3791]
7f008b9fe000-7f008ba01000 ---p 00000000 00:00 0 
7f008ba01000-7f008bbff000 rw-p 00000000 00:00 0                          [stack:3780]
7f008bbff000-7f008bc02000 ---p 00000000 00:00 0 
7f008bc02000-7f008c000000 rw-p 00000000 00:00 0                          [stack:3779]
7f008c000000-7f008c2a1000 rw-p 00000000 00:00 0 
7f008c2a1000-7f0090000000 ---p 00000000 00:00 0 
7f0090000000-7f0090ce4000 rw-p 00000000 00:00 0 
7f0090ce4000-7f0094000000 ---p 00000000 00:00 0 
7f0094000000-7f009428d000 rw-p 00000000 00:00 0 
7f009428d000-7f0098000000 ---p 00000000 00:00 0 
7f0098000000-7f0098301000 rw-p 00000000 00:00 0 
7f0098301000-7f009c000000 ---p 00000000 00:00 0 
7f009c000000-7f009f5bf000 rw-p 00000000 00:00 0 
7f009f5bf000-7f00a0000000 ---p 00000000 00:00 0 
7f00a0000000-7f00a20f3000 rw-p 00000000 00:00 0 
7f00a20f3000-7f00a4000000 ---p 00000000 00:00 0 
7f00a4000000-7f00a4341000 rw-p 00000000 00:00 0 
7f00a4341000-7f00a8000000 ---p 00000000 00:00 0 
7f00a8000000-7f00a8109000 rw-p 00000000 00:00 0 
7f00a8109000-7f00ac000000 ---p 00000000 00:00 0 
7f00ac04f000-7f00ac065000 r-xp 00000000 fd:01 1836739                    /usr/lib64/libgcc_s-5.3.1-20151207.so.1
7f00ac065000-7f00ac264000 ---p 00016000 fd:01 1836739                    /usr/lib64/libgcc_s-5.3.1-20151207.so.1
7f00ac264000-7f00ac265000 r--p 00015000 fd:01 1836739                    /usr/lib64/libgcc_s-5.3.1-20151207.so.1
7f00ac265000-7f00ac266000 rw-p 00016000 fd:01 1836739                    /usr/lib64/libgcc_s-5.3.1-20151207.so.1
7f00ac266000-7f00ac2cb000 r-xp 00000000 fd:02 8003257                    /home/mhcrnl/jdk1.8.0_73/jre/lib/amd64/libfontmanager.so
7f00ac2cb000-7f00ac4ca000 ---p 00065000 fd:02 8003257                    /home/mhcrnl/jdk1.8.0_73/jre/lib/amd64/libfontmanager.so
7f00ac4ca000-7f00ac4cf000 rw-p 00064000 fd:02 8003257                    /home/mhcrnl/jdk1.8.0_73/jre/lib/amd64/libfontmanager.so
7f00ac4cf000-7f00ac4df000 rw-p 00000000 00:00 0 
7f00ac4df000-7f00ac4e2000 ---p 00000000 00:00 0 
7f00ac4e2000-7f00ac6e0000 rw-p 00000000 00:00 0                          [stack:3777]
7f00ac6e0000-7f00ac6e3000 ---p 00000000 00:00 0 
7f00ac6e3000-7f00ac8e1000 rw-p 00000000 00:00 0 
7f00ac8e1000-7f00ac8e4000 ---p 00000000 00:00 0 
7f00ac8e4000-7f00acae2000 rw-p 00000000 00:00 0                          [stack:7861]
7f00acae2000-7f00acaf1000 r-xp 00000000 fd:01 1841903                    /usr/lib64/libXi.so.6.1.0
7f00acaf1000-7f00accf0000 ---p 0000f000 fd:01 1841903                    /usr/lib64/libXi.so.6.1.0
7f00accf0000-7f00accf1000 r--p 0000e000 fd:01 1841903                    /usr/lib64/libXi.so.6.1.0
7f00accf1000-7f00accf2000 rw-p 0000f000 fd:01 1841903                    /usr/lib64/libXi.so.6.1.0
7f00accf2000-7f00accf7000 r-xp 00000000 fd:01 1841911                    /usr/lib64/libXtst.so.6.1.0
7f00accf7000-7f00acef6000 ---p 00005000 fd:01 1841911                    /usr/lib64/libXtst.so.6.1.0
7f00acef6000-7f00acef7000 r--p 00004000 fd:01 1841911                    /usr/lib64/libXtst.so.6.1.0
7f00acef7000-7f00acef8000 rw-p 00005000 fd:01 1841911                    /usr/lib64/libXtst.so.6.1.0
7f00acef8000-7f00acf4c000 r-xp 00000000 fd:02 8003287                    /home/mhcrnl/jdk1.8.0_73/jre/lib/amd64/libawt_xawt.so
7f00acf4c000-7f00ad14c000 ---p 00054000 fd:02 8003287                    /home/mhcrnl/jdk1.8.0_73/jre/lib/amd64/libawt_xawt.so
7f00ad14c000-7f00ad150000 rw-p 00054000 fd:02 8003287                    /home/mhcrnl/jdk1.8.0_73/jre/lib/amd64/libawt_xawt.so
7f00ad150000-7f00ad151000 rw-p 00000000 00:00 0 
7f00ad151000-7f00ad1f3000 r-xp 00000000 fd:02 8003346                    /home/mhcrnl/jdk1.8.0_73/jre/lib/amd64/libawt.so
7f00ad1f3000-7f00ad3f3000 ---p 000a2000 fd:02 8003346                    /home/mhcrnl/jdk1.8.0_73/jre/lib/amd64/libawt.so
7f00ad3f3000-7f00ad3ff000 rw-p 000a2000 fd:02 8003346                    /home/mhcrnl/jdk1.8.0_73/jre/lib/amd64/libawt.so
7f00ad3ff000-7f00ad423000 rw-p 00000000 00:00 0 
7f00ad423000-7f00ad426000 ---p 00000000 00:00 0 
7f00ad426000-7f00ad624000 rw-p 00000000 00:00 0                          [stack:3773]
7f00ad752000-7f00ad952000 rw-p 00000000 00:00 0 
7f00ad952000-7f00adb52000 rw-p 00000000 00:00 0 
7f00adb52000-7f00adb55000 ---p 00000000 00:00 0 
7f00adb55000-7f00add53000 rw-p 00000000 00:00 0 
7f00add53000-7f00add56000 ---p 00000000 00:00 0 
7f00add56000-7f00adf54000 rw-p 00000000 00:00 0 
7f00adf54000-7f00adf57000 ---p 00000000 00:00 0 
7f00adf57000-7f00ae155000 rw-p 00000000 00:00 0                          [stack:7734]
7f00ae155000-7f00ae158000 ---p 00000000 00:00 0 
7f00ae158000-7f00ae356000 rw-p 00000000 00:00 0                          [stack:7865]
7f00ae4ce000-7f00ae6ce000 rw-p 00000000 00:00 0 
7f00ae6ce000-7f00ae6d1000 ---p 00000000 00:00 0 
7f00ae6d1000-7f00ae8cf000 rw-p 00000000 00:00 0 
7f00ae8cf000-7f00ae8d2000 ---p 00000000 00:00 0 
7f00ae8d2000-7f00aead0000 rw-p 00000000 00:00 0                          [stack:7862]
7f00aead0000-7f00aead3000 ---p 00000000 00:00 0 
7f00aead3000-7f00aecd1000 rw-p 00000000 00:00 0                          [stack:7866]
7f00aecd1000-7f00aecd4000 ---p 00000000 00:00 0 
7f00aecd4000-7f00af0d2000 rw-p 00000000 00:00 0                          [stack:7863]
7f00af0d2000-7f00af2d2000 rw-p 00000000 00:00 0 
7f00af2d2000-7f00af2d5000 ---p 00000000 00:00 0 
7f00af2d5000-7f00af4d3000 rw-p 00000000 00:00 0                          [stack:7860]
7f00af4d3000-7f00af4d6000 ---p 00000000 00:00 0 
7f00af4d6000-7f00af6d4000 rw-p 00000000 00:00 0                          [stack:3772]
7f00af6d4000-7f00af6ea000 r-xp 00000000 fd:02 8003344                    /home/mhcrnl/jdk1.8.0_73/jre/lib/amd64/libnet.so
7f00af6ea000-7f00af8ea000 ---p 00016000 fd:02 8003344                    /home/mhcrnl/jdk1.8.0_73/jre/lib/amd64/libnet.so
7f00af8ea000-7f00af8eb000 rw-p 00016000 fd:02 8003344                    /home/mhcrnl/jdk1.8.0_73/jre/lib/amd64/libnet.so
7f00af8eb000-7f00af8fc000 r-xp 00000000 fd:02 8003343                    /home/mhcrnl/jdk1.8.0_73/jre/lib/amd64/libnio.so
7f00af8fc000-7f00afafb000 ---p 00011000 fd:02 8003343                    /home/mhcrnl/jdk1.8.0_73/jre/lib/amd64/libnio.so
7f00afafb000-7f00afafc000 rw-p 00010000 fd:02 8003343                    /home/mhcrnl/jdk1.8.0_73/jre/lib/amd64/libnio.so
7f00afafc000-7f00afafd000 ---p 00000000 00:00 0 
7f00afafd000-7f00afbfd000 rw-p 00000000 00:00 0                          [stack:3771]
7f00afbfd000-7f00afc00000 ---p 00000000 00:00 0 
7f00afc00000-7f00afdfe000 rw-p 00000000 00:00 0                          [stack:3770]
7f00afdfe000-7f00afe01000 ---p 00000000 00:00 0 
7f00afe01000-7f00afeff000 rw-p 00000000 00:00 0                          [stack:3769]
7f00afeff000-7f00aff02000 ---p 00000000 00:00 0 
7f00aff02000-7f00b0000000 rw-p 00000000 00:00 0                          [stack:3768]
7f00b0000000-7f00b0a3a000 rw-p 00000000 00:00 0 
7f00b0a3a000-7f00b4000000 ---p 00000000 00:00 0 
7f00b4000000-7f00b4520000 rw-p 00000000 00:00 0 
7f00b4520000-7f00b8000000 ---p 00000000 00:00 0 
7f00b8000000-7f00b826c000 rw-p 00000000 00:00 0 
7f00b826c000-7f00bc000000 ---p 00000000 00:00 0 
7f00bc074000-7f00bc0f4000 rw-s 00000000 00:05 1146906                    /SYSV00000000 (deleted)
7f00bc0f4000-7f00bc0f7000 ---p 00000000 00:00 0 
7f00bc0f7000-7f00bc2f5000 rw-p 00000000 00:00 0                          [stack:3767]
7f00bc2f5000-7f00bc2f8000 ---p 00000000 00:00 0 
7f00bc2f8000-7f00bc4f6000 rw-p 00000000 00:00 0                          [stack:3766]
7f00bc4f6000-7f00bc4f9000 ---p 00000000 00:00 0 
7f00bc4f9000-7f00bc6f7000 rw-p 00000000 00:00 0                          [stack:3765]
7f00bc6f7000-7f00bc6f8000 ---p 00000000 00:00 0 
7f00bc6f8000-7f00bd000000 rw-p 00000000 00:00 0                          [stack:3764]
7f00bd000000-7f00c3380000 rwxp 00000000 00:00 0 
7f00c3380000-7f00cc000000 ---p 00000000 00:00 0 
7f00cc000000-7f00cc7af000 rw-p 00000000 00:00 0 
7f00cc7af000-7f00d0000000 ---p 00000000 00:00 0 
7f00d0000000-7f00d094c000 rw-p 00000000 00:00 0 
7f00d094c000-7f00d4000000 ---p 00000000 00:00 0 
7f00d4000000-7f00d4191000 rw-p 00000000 00:00 0 
7f00d4191000-7f00d8000000 ---p 00000000 00:00 0 
7f00d8007000-7f00d8009000 r--s 00000000 fd:01 924158                     /var/cache/fontconfig/87f5e051180a7a75f16eb6fe7dbd3749-le64.cache-7
7f00d8009000-7f00d8014000 r--s 00000000 fd:01 922788                     /var/cache/fontconfig/b79f3aaa7d385a141ab53ec885cc22a8-le64.cache-7
7f00d8014000-7f00d8016000 r--s 00000000 fd:01 924821                     /var/cache/fontconfig/2e1514a9fdd499050989183bb65136db-le64.cache-7
7f00d8016000-7f00d8018000 r--s 00000000 fd:01 924142                     /var/cache/fontconfig/3f821257dd33660ba7bbb45c32deb84c-le64.cache-7
7f00d8018000-7f00d8019000 r--s 00000000 fd:01 928556                     /var/cache/fontconfig/4e602040080c966cb821813a3e584564-le64.cache-7
7f00d8019000-7f00d801c000 r--s 00000000 fd:01 924899                     /var/cache/fontconfig/830f035fa84a65ce80e050178dbb630d-le64.cache-7
7f00d801c000-7f00d801d000 r--s 00000000 fd:01 924154                     /var/cache/fontconfig/81a173283b451552b599cfaafd6236bd-le64.cache-7
7f00d801d000-7f00d801e000 r--s 00000000 fd:01 929088                     /var/cache/fontconfig/ac68f755438cc3dc5a526084839fc7ca-le64.cache-7
7f00d801e000-7f00d801f000 r--s 00000000 fd:01 928558                     /var/cache/fontconfig/f951a6bc01c50d58ac4af16a0108457e-le64.cache-7
7f00d801f000-7f00d8020000 r--s 00000000 fd:01 929095                     /var/cache/fontconfig/8cab66d8f642305e525ba3e322d0979c-le64.cache-7
7f00d8020000-7f00d8021000 r--s 00000000 fd:01 929096                     /var/cache/fontconfig/12513961c6e7090f8648812f9eaf65d6-le64.cache-7
7f00d8021000-7f00d8024000 r--s 00000000 fd:01 929097                     /var/cache/fontconfig/e26bf336397aae6fcef4d3803472adec-le64.cache-7
7f00d8024000-7f00d8025000 r--s 00000000 fd:01 924146                     /var/cache/fontconfig/f132fa2327207a6ac3298c0518879731-le64.cache-7
7f00d8025000-7f00d8026000 r--s 00000000 fd:01 928574                     /var/cache/fontconfig/6fcb01a03a016cc71057b587cdea6709-le64.cache-7
7f00d8026000-7f00d802a000 r--s 00000000 fd:01 929098                     /var/cache/fontconfig/8aa05f52519ebacbdf5713e01a6153b0-le64.cache-7
7f00d802a000-7f00d8033000 r--s 00000000 fd:01 922821                     /var/cache/fontconfig/58b941d9fae7b4c9a612a39a011865c1-le64.cache-7
7f00d8033000-7f00d8037000 r--s 00000000 fd:01 922710                     /var/cache/fontconfig/cfde08ab28ad1d91784abb10973575e3-le64.cache-7
7f00d8037000-7f00d8038000 r--s 00000000 fd:01 929099                     /var/cache/fontconfig/b887eea8f1b96e1d899b44ed6681fc27-le64.cache-7
7f00d8038000-7f00d8039000 r--s 00000000 fd:01 929100                     /var/cache/fontconfig/860639f272b8b4b3094f9e399e41bccd-le64.cache-7
7f00d8039000-7f00d803a000 r--s 00000000 fd:01 929101                     /var/cache/fontconfig/5d33f04e74a97395cf88bbd83847f1f1-le64.cache-7
7f00d803a000-7f00d803b000 r--s 00000000 fd:01 924139                     /var/cache/fontconfig/df893b4576ad6107f9397134092c4059-le64.cache-7
7f00d803b000-7f00d803c000 r--s 00000000 fd:01 929102                     /var/cache/fontconfig/1e1e03b57ed9f0c723c5aeafda46c3fb-le64.cache-7
7f00d803c000-7f00d803d000 r--s 00000000 fd:01 924137                     /var/cache/fontconfig/900402270e15d763a6e008bb2d4c7686-le64.cache-7
7f00d803d000-7f00d803e000 r--s 00000000 fd:01 929103                     /var/cache/fontconfig/47f48679023f44a4d1e44699a69464f6-le64.cache-7
7f00d803e000-7f00d803f000 r--s 00000000 fd:01 924140                     /var/cache/fontconfig/2881ed3fd21ca306ddad6f9b0dd3189f-le64.cache-7
7f00d803f000-7f00d8040000 r--s 00000000 fd:01 929104                     /var/cache/fontconfig/3c3fb04d32a5211b073874b125d29701-le64.cache-7
7f00d8040000-7f00d8045000 r--s 00000000 fd:01 924131                     /var/cache/fontconfig/b67b32625a2bb51b023d3814a918f351-le64.cache-7
7f00d8045000-7f00d8047000 r--s 00000000 fd:01 924133                     /var/cache/fontconfig/d3379abda271c4acd2ad0c01f565d0b0-le64.cache-7
7f00d8047000-7f00d804a000 r--s 00000000 fd:01 922829                     /var/cache/fontconfig/7ee6df7a8311986241317a58487e0145-le64.cache-7
7f00d804a000-7f00d8052000 r--s 00000000 fd:01 924157                     /var/cache/fontconfig/7b312f204090bff0956e0e66992a6837-le64.cache-7
7f00d8052000-7f00d8054000 r--s 00000000 fd:01 924153                     /var/cache/fontconfig/99a1ce9f8b6a0434aadb01d3779b0780-le64.cache-7
7f00d8054000-7f00d8056000 r--s 00000000 fd:01 924913                     /var/cache/fontconfig/f9d379b867d7c69c85310a4f24e5228f-le64.cache-7
7f00d8056000-7f00d8069000 r--s 00000000 fd:01 922806                     /var/cache/fontconfig/614d1caaa4d7914789410f6367de37ca-le64.cache-7
7f00d8069000-7f00d8074000 r--s 00000000 fd:01 924828                     /var/cache/fontconfig/12b26b760a24f8b4feb03ad48a333a72-le64.cache-7
7f00d8074000-7f00d807b000 r--s 00000000 fd:01 924132                     /var/cache/fontconfig/a4412f743c4d1c8e7d1a441b64ec7319-le64.cache-7
7f00d807b000-7f00d8080000 r--s 00000000 fd:01 922771                     /var/cache/fontconfig/a289f7e03715303a9a1b010d74c00c6a-le64.cache-7
7f00d80c3000-7f00d81c4000 rw-p 00000000 00:00 0 
7f00d81c4000-7f00d839c000 r--s 03d23000 fd:02 7761437                    /home/mhcrnl/jdk1.8.0_73/jre/lib/rt.jar
7f00d839c000-7f00d98d3000 rw-p 00000000 00:00 0 
7f00d98d3000-7f00d98d4000 ---p 00000000 00:00 0 
7f00d98d4000-7f00d99d4000 rw-p 00000000 00:00 0                          [stack:3763]
7f00d99d4000-7f00d99d5000 ---p 00000000 00:00 0 
7f00d99d5000-7f00d9b1f000 rw-p 00000000 00:00 0                          [stack:3762]
7f00d9b1f000-7f00d9b59000 ---p 00000000 00:00 0 
7f00d9b59000-7f00d9b9c000 rw-p 00000000 00:00 0 
7f00d9b9c000-7f00d9d2b000 rw-p 00000000 00:00 0 
7f00d9d2b000-7f00d9f5d000 ---p 00000000 00:00 0 
7f00d9f5d000-7f00d9f77000 r-xp 00000000 fd:02 8003342                    /home/mhcrnl/jdk1.8.0_73/jre/lib/amd64/libzip.so
7f00d9f77000-7f00da177000 ---p 0001a000 fd:02 8003342                    /home/mhcrnl/jdk1.8.0_73/jre/lib/amd64/libzip.so
7f00da177000-7f00da178000 rw-p 0001a000 fd:02 8003342                    /home/mhcrnl/jdk1.8.0_73/jre/lib/amd64/libzip.so
7f00da178000-7f00da184000 r-xp 00000000 fd:01 1841229                    /usr/lib64/libnss_files-2.21.so
7f00da184000-7f00da383000 ---p 0000c000 fd:01 1841229                    /usr/lib64/libnss_files-2.21.so
7f00da383000-7f00da384000 r--p 0000b000 fd:01 1841229                    /usr/lib64/libnss_files-2.21.so
7f00da384000-7f00da385000 rw-p 0000c000 fd:01 1841229                    /usr/lib64/libnss_files-2.21.so
7f00da385000-7f00da3af000 r-xp 00000000 fd:02 8003334                    /home/mhcrnl/jdk1.8.0_73/jre/lib/amd64/libjava.so
7f00da3af000-7f00da5af000 ---p 0002a000 fd:02 8003334                    /home/mhcrnl/jdk1.8.0_73/jre/lib/amd64/libjava.so
7f00da5af000-7f00da5b1000 rw-p 0002a000 fd:02 8003334                    /home/mhcrnl/jdk1.8.0_73/jre/lib/amd64/libjava.so
7f00da5b1000-7f00da5be000 r-xp 00000000 fd:02 8003316                    /home/mhcrnl/jdk1.8.0_73/jre/lib/amd64/libverify.so
7f00da5be000-7f00da7be000 ---p 0000d000 fd:02 8003316                    /home/mhcrnl/jdk1.8.0_73/jre/lib/amd64/libverify.so
7f00da7be000-7f00da7c0000 rw-p 0000d000 fd:02 8003316                    /home/mhcrnl/jdk1.8.0_73/jre/lib/amd64/libverify.so
7f00da7c0000-7f00da7c7000 r-xp 00000000 fd:01 1841804                    /usr/lib64/librt-2.21.so
7f00da7c7000-7f00da9c6000 ---p 00007000 fd:01 1841804                    /usr/lib64/librt-2.21.so
7f00da9c6000-7f00da9c7000 r--p 00006000 fd:01 1841804                    /usr/lib64/librt-2.21.so
7f00da9c7000-7f00da9c8000 rw-p 00007000 fd:01 1841804                    /usr/lib64/librt-2.21.so
7f00da9c8000-7f00da9cd000 r-xp 00000000 fd:01 1841900                    /usr/lib64/libXfixes.so.3.1.0
7f00da9cd000-7f00dabcc000 ---p 00005000 fd:01 1841900                    /usr/lib64/libXfixes.so.3.1.0
7f00dabcc000-7f00dabcd000 r--p 00004000 fd:01 1841900                    /usr/lib64/libXfixes.so.3.1.0
7f00dabcd000-7f00dabce000 rw-p 00005000 fd:01 1841900                    /usr/lib64/libXfixes.so.3.1.0
7f00dabce000-7f00dabd7000 r-xp 00000000 fd:01 1841909                    /usr/lib64/libXrender.so.1.3.0
7f00dabd7000-7f00dadd6000 ---p 00009000 fd:01 1841909                    /usr/lib64/libXrender.so.1.3.0
7f00dadd6000-7f00dadd7000 r--p 00008000 fd:01 1841909                    /usr/lib64/libXrender.so.1.3.0
7f00dadd7000-7f00dadd8000 rw-p 00009000 fd:01 1841909                    /usr/lib64/libXrender.so.1.3.0
7f00dadd8000-7f00dade2000 r-xp 00000000 fd:01 1841895                    /usr/lib64/libXcursor.so.1.0.2
7f00dade2000-7f00dafe1000 ---p 0000a000 fd:01 1841895                    /usr/lib64/libXcursor.so.1.0.2
7f00dafe1000-7f00dafe2000 r--p 00009000 fd:01 1841895                    /usr/lib64/libXcursor.so.1.0.2
7f00dafe2000-7f00dafe3000 rw-p 0000a000 fd:01 1841895                    /usr/lib64/libXcursor.so.1.0.2
7f00dafe3000-7f00dafe6000 ---p 00000000 00:00 0 
7f00dafe6000-7f00db1e4000 rw-p 00000000 00:00 0                          [stack:3761]
7f00db1e4000-7f00e1a10000 r--p 00000000 fd:01 1839328                    /usr/lib/locale/locale-archive
7f00e1a10000-7f00e1a11000 ---p 00000000 00:00 0 
7f00e1a11000-7f00e2211000 rw-p 00000000 00:00 0 
7f00e2211000-7f00e2213000 r-xp 00000000 fd:01 1841893                    /usr/lib64/libXau.so.6.0.0
7f00e2213000-7f00e2413000 ---p 00002000 fd:01 1841893                    /usr/lib64/libXau.so.6.0.0
7f00e2413000-7f00e2414000 r--p 00002000 fd:01 1841893                    /usr/lib64/libXau.so.6.0.0
7f00e2414000-7f00e2415000 rw-p 00003000 fd:01 1841893                    /usr/lib64/libXau.so.6.0.0
7f00e2415000-7f00e2436000 r-xp 00000000 fd:01 1842809                    /usr/lib64/libxcb.so.1.1.0
7f00e2436000-7f00e2635000 ---p 00021000 fd:01 1842809                    /usr/lib64/libxcb.so.1.1.0
7f00e2635000-7f00e2636000 r--p 00020000 fd:01 1842809                    /usr/lib64/libxcb.so.1.1.0
7f00e2636000-7f00e2637000 rw-p 00021000 fd:01 1842809                    /usr/lib64/libxcb.so.1.1.0
7f00e2637000-7f00e2648000 r-xp 00000000 fd:01 1841899                    /usr/lib64/libXext.so.6.4.0
7f00e2648000-7f00e2847000 ---p 00011000 fd:01 1841899                    /usr/lib64/libXext.so.6.4.0
7f00e2847000-7f00e2848000 r--p 00010000 fd:01 1841899                    /usr/lib64/libXext.so.6.4.0
7f00e2848000-7f00e2849000 rw-p 00011000 fd:01 1841899                    /usr/lib64/libXext.so.6.4.0
7f00e2849000-7f00e2984000 r-xp 00000000 fd:01 1841891                    /usr/lib64/libX11.so.6.3.0
7f00e2984000-7f00e2b84000 ---p 0013b000 fd:01 1841891                    /usr/lib64/libX11.so.6.3.0
7f00e2b84000-7f00e2b85000 r--p 0013b000 fd:01 1841891                    /usr/lib64/libX11.so.6.3.0
7f00e2b85000-7f00e2b8a000 rw-p 0013c000 fd:01 1841891                    /usr/lib64/libX11.so.6.3.0
7f00e2b8a000-7f00e2beb000 r-xp 00000000 fd:02 8003244                    /home/mhcrnl/jdk1.8.0_73/jre/lib/amd64/libsplashscreen.so
7f00e2beb000-7f00e2deb000 ---p 00061000 fd:02 8003244                    /home/mhcrnl/jdk1.8.0_73/jre/lib/amd64/libsplashscreen.so
7f00e2deb000-7f00e2dec000 rw-p 00061000 fd:02 8003244                    /home/mhcrnl/jdk1.8.0_73/jre/lib/amd64/libsplashscreen.so
7f00e2dec000-7f00e2def000 rw-p 00000000 00:00 0 
7f00e2def000-7f00e2ef6000 r-xp 00000000 fd:01 1840418                    /usr/lib64/libm-2.21.so
7f00e2ef6000-7f00e30f5000 ---p 00107000 fd:01 1840418                    /usr/lib64/libm-2.21.so
7f00e30f5000-7f00e30f6000 r--p 00106000 fd:01 1840418                    /usr/lib64/libm-2.21.so
7f00e30f6000-7f00e30f7000 rw-p 00107000 fd:01 1840418                    /usr/lib64/libm-2.21.so
7f00e30f7000-7f00e3db6000 r-xp 00000000 fd:02 8133025                    /home/mhcrnl/jdk1.8.0_73/jre/lib/amd64/server/libjvm.so
7f00e3db6000-7f00e3fb5000 ---p 00cbf000 fd:02 8133025                    /home/mhcrnl/jdk1.8.0_73/jre/lib/amd64/server/libjvm.so
7f00e3fb5000-7f00e408e000 rw-p 00cbe000 fd:02 8133025                    /home/mhcrnl/jdk1.8.0_73/jre/lib/amd64/server/libjvm.so
7f00e408e000-7f00e40d7000 rw-p 00000000 00:00 0 
7f00e40d7000-7f00e428e000 r-xp 00000000 fd:01 1840120                    /usr/lib64/libc-2.21.so
7f00e428e000-7f00e448e000 ---p 001b7000 fd:01 1840120                    /usr/lib64/libc-2.21.so
7f00e448e000-7f00e4492000 r--p 001b7000 fd:01 1840120                    /usr/lib64/libc-2.21.so
7f00e4492000-7f00e4494000 rw-p 001bb000 fd:01 1840120                    /usr/lib64/libc-2.21.so
7f00e4494000-7f00e4498000 rw-p 00000000 00:00 0 
7f00e4498000-7f00e449b000 r-xp 00000000 fd:01 1840368                    /usr/lib64/libdl-2.21.so
7f00e449b000-7f00e469a000 ---p 00003000 fd:01 1840368                    /usr/lib64/libdl-2.21.so
7f00e469a000-7f00e469b000 r--p 00002000 fd:01 1840368                    /usr/lib64/libdl-2.21.so
7f00e469b000-7f00e469c000 rw-p 00003000 fd:01 1840368                    /usr/lib64/libdl-2.21.so
7f00e469c000-7f00e46b1000 r-xp 00000000 fd:02 8133092                    /home/mhcrnl/jdk1.8.0_73/lib/amd64/jli/libjli.so
7f00e46b1000-7f00e48b1000 ---p 00015000 fd:02 8133092                    /home/mhcrnl/jdk1.8.0_73/lib/amd64/jli/libjli.so
7f00e48b1000-7f00e48b2000 rw-p 00015000 fd:02 8133092                    /home/mhcrnl/jdk1.8.0_73/lib/amd64/jli/libjli.so
7f00e48b2000-7f00e48c9000 r-xp 00000000 fd:01 1841257                    /usr/lib64/libpthread-2.21.so
7f00e48c9000-7f00e4ac8000 ---p 00017000 fd:01 1841257                    /usr/lib64/libpthread-2.21.so
7f00e4ac8000-7f00e4aca000 r--p 00016000 fd:01 1841257                    /usr/lib64/libpthread-2.21.so
7f00e4aca000-7f00e4acb000 rw-p 00018000 fd:01 1841257                    /usr/lib64/libpthread-2.21.so
7f00e4acb000-7f00e4acf000 rw-p 00000000 00:00 0 
7f00e4acf000-7f00e4af0000 r-xp 00000000 fd:01 1839323                    /usr/lib64/ld-2.21.so
7f00e4af0000-7f00e4af1000 r--s 00000000 fd:01 929105                     /var/cache/fontconfig/e61abf8156cc476151baa07d67337cae-le64.cache-7
7f00e4b3d000-7f00e4b40000 ---p 00000000 00:00 0 
7f00e4b40000-7f00e4b76000 rw-p 00000000 00:00 0 
7f00e4b76000-7f00e4b79000 ---p 00000000 00:00 0 
7f00e4b79000-7f00e4baf000 rw-p 00000000 00:00 0 
7f00e4baf000-7f00e4bb2000 r--s 0001a000 fd:02 7761436                    /home/mhcrnl/jdk1.8.0_73/jre/lib/jce.jar
7f00e4bcf000-7f00e4bd5000 rw-s 00000000 00:05 204636166                  /SYSV00000000 (deleted)
7f00e4bd8000-7f00e4bd9000 r--s 00000000 00:26 80557                      /tmp/output1459354722271
7f00e4bdd000-7f00e4c3d000 rw-s 00000000 00:05 1081368                    /SYSV00000000 (deleted)
7f00e4c3d000-7f00e4c3e000 r--s 00000000 fd:01 924128                     /var/cache/fontconfig/b4d0b56f766d89640448751fcd18ec1e-le64.cache-7
7f00e4c3e000-7f00e4c41000 r--s 00000000 fd:01 924143                     /var/cache/fontconfig/210c0516121708a580e22e6b1f9a103a-le64.cache-7
7f00e4c41000-7f00e4c43000 r--s 00000000 fd:01 924134                     /var/cache/fontconfig/b3043b29744cf0a429678d296f5e4026-le64.cache-7
7f00e4c43000-7f00e4c8d000 rw-p 00000000 00:00 0 
7f00e4c8d000-7f00e4cc8000 ---p 00000000 00:00 0 
7f00e4cc8000-7f00e4ccc000 rw-p 00000000 00:00 0 
7f00e4ccc000-7f00e4ccd000 r--s 00000000 fd:01 922800                     /var/cache/fontconfig/3640555adad8a8f6978400293cfce7ab-le64.cache-7
7f00e4ccd000-7f00e4cd1000 r--s 00000000 fd:01 924891                     /var/cache/fontconfig/beeeeb3dfe132a8a0633a017c99ce0c0-le64.cache-7
7f00e4cd1000-7f00e4cd5000 r--s 00097000 fd:02 7761433                    /home/mhcrnl/jdk1.8.0_73/jre/lib/jsse.jar
7f00e4cd5000-7f00e4cdd000 rw-p 00000000 00:00 0 
7f00e4cdd000-7f00e4ce5000 rw-s 00000000 00:26 41581                      /tmp/hsperfdata_mhcrnl/3759
7f00e4ce5000-7f00e4ce6000 rw-p 00000000 00:00 0 
7f00e4ce6000-7f00e4ce7000 ---p 00000000 00:00 0 
7f00e4ce7000-7f00e4cee000 r--s 00000000 fd:01 2099215                    /usr/lib64/gconv/gconv-modules.cache
7f00e4cee000-7f00e4cef000 rw-p 00000000 00:00 0 
7f00e4cef000-7f00e4cf0000 r--p 00020000 fd:01 1839323                    /usr/lib64/ld-2.21.so
7f00e4cf0000-7f00e4cf1000 rw-p 00021000 fd:01 1839323                    /usr/lib64/ld-2.21.so
7f00e4cf1000-7f00e4cf2000 rw-p 00000000 00:00 0 
7fff987d8000-7fff987fa000 rw-p 00000000 00:00 0                          [stack]
7fff987fc000-7fff987fe000 r--p 00000000 00:00 0                          [vvar]
7fff987fe000-7fff98800000 r-xp 00000000 00:00 0                          [vdso]
ffffffffff600000-ffffffffff601000 r-xp 00000000 00:00 0                  [vsyscall]

VM Arguments:
jvm_args: -Djdk.home=/home/mhcrnl/jdk1.8.0_73 -Dnetbeans.default_userdir_root=/home/mhcrnl/.netbeans -Dnetbeans.running.environment=gnome -Dnetbeans.dirs=/home/mhcrnl/netbeans-8.1/nb:/home/mhcrnl/netbeans-8.1/ergonomics:/home/mhcrnl/netbeans-8.1/ide:/home/mhcrnl/netbeans-8.1/extide:/home/mhcrnl/netbeans-8.1/java:/home/mhcrnl/netbeans-8.1/apisupport:/home/mhcrnl/netbeans-8.1/webcommon:/home/mhcrnl/netbeans-8.1/websvccommon:/home/mhcrnl/netbeans-8.1/enterprise:/home/mhcrnl/netbeans-8.1/mobility:/home/mhcrnl/netbeans-8.1/profiler:/home/mhcrnl/netbeans-8.1/python:/home/mhcrnl/netbeans-8.1/php:/home/mhcrnl/netbeans-8.1/identity:/home/mhcrnl/netbeans-8.1/harness:/home/mhcrnl/netbeans-8.1/cnd:/home/mhcrnl/netbeans-8.1/cndext:/home/mhcrnl/netbeans-8.1/dlight:/home/mhcrnl/netbeans-8.1/groovy:/home/mhcrnl/netbeans-8.1/extra:/home/mhcrnl/netbeans-8.1/javacard:/home/mhcrnl/netbeans-8.1/javafx: -Dnetbeans.home=/home/mhcrnl/netbeans-8.1/platform -Dnetbeans.importclass=org.netbeans.upgrade.AutoUpgrade -Dnetbeans.accept_license_class=org.netbeans.license.AcceptLicense -Xmx398m -Xss2m -Xms32m -Dapple.laf.useScreenMenuBar=true -Dapple.awt.graphics.UseQuartz=true -Dsun.java2d.noddraw=true -Dsun.java2d.dpiaware=true -Dsun.zip.disableMemoryMapping=true -XX:+HeapDumpOnOutOfMemoryError -XX:HeapDumpPath=/home/mhcrnl/.netbeans/8.1/var/log/heapdump.hprof 
java_command: org.netbeans.Main --cachedir /home/mhcrnl/.cache/netbeans/8.1 --userdir /home/mhcrnl/.netbeans/8.1 --branding nb
java_class_path (initial): /home/mhcrnl/netbeans-8.1/platform/lib/boot.jar:/home/mhcrnl/netbeans-8.1/platform/lib/org-openide-modules.jar:/home/mhcrnl/netbeans-8.1/platform/lib/org-openide-util.jar:/home/mhcrnl/netbeans-8.1/platform/lib/org-openide-util-lookup.jar:/home/mhcrnl/netbeans-8.1/platform/lib/org-openide-util-ui.jar:/home/mhcrnl/netbeans-8.1/platform/lib/locale/boot_ja.jar:/home/mhcrnl/netbeans-8.1/platform/lib/locale/boot_pt_BR.jar:/home/mhcrnl/netbeans-8.1/platform/lib/locale/boot_ru.jar:/home/mhcrnl/netbeans-8.1/platform/lib/locale/boot_zh_CN.jar:/home/mhcrnl/netbeans-8.1/platform/lib/locale/org-openide-modules_ja.jar:/home/mhcrnl/netbeans-8.1/platform/lib/locale/org-openide-modules_pt_BR.jar:/home/mhcrnl/netbeans-8.1/platform/lib/locale/org-openide-modules_ru.jar:/home/mhcrnl/netbeans-8.1/platform/lib/locale/org-openide-modules_zh_CN.jar:/home/mhcrnl/netbeans-8.1/platform/lib/locale/org-openide-util_ja.jar:/home/mhcrnl/netbeans-8.1/platform/lib/locale/org-openide-util-lookup_ja.jar:/home/mhcrnl/netbeans-8.1/platform/lib/locale/org-openide-util-lookup_pt_BR.jar:/home/mhcrnl/netbeans-8.1/platform/lib/locale/org-openide-util-lookup_ru.jar:/home/mhcrnl/netbeans-8.1/platform/lib/locale/org-openide-util-lookup_zh_CN.jar:/home/mhcrnl/netbeans-8.1/platform/lib/locale/org-openide-util_pt_BR.jar:/home/mhcrnl/netbeans-8.1/platform/lib/locale/org-openide-util_ru.jar:/home/mhcrnl/netbeans-8.1/platform/lib/locale/org-openide-util-ui_ja.jar:/home/mhcrnl/netbeans-8.1/platform/lib/locale/org-openide-util-ui_pt_BR.jar:/home/mhcrnl/netbeans-8.1/platform/lib/locale/org-openide-util-ui_ru.jar:/home/mhcrnl/netbeans-8.1/platform/lib/locale/org-openide-util-ui_zh_CN.jar:/home/mhcrnl/netbeans-8.1/platform/lib/locale/org-openide-util_zh_CN.jar:/home/mhcrnl/jdk1.8.0_73/lib/dt.jar:/home/mhcrnl/jdk1.8.0_73/lib/tools.jar
Launcher Type: SUN_STANDARD

Environment Variables:
PATH=/home/mhcrnl/perl5/bin:/usr/lib64/qt-3.3/bin:/usr/local/bin:/usr/local/sbin:/usr/bin:/usr/sbin:/bin:/sbin:/home/mhcrnl/.local/bin:/home/mhcrnl/bin
USERNAME=mhcrnl
LD_LIBRARY_PATH=/home/mhcrnl/jdk1.8.0_73/jre/lib/amd64:/home/mhcrnl/jdk1.8.0_73/jre/lib/i386:
SHELL=/bin/bash
DISPLAY=:0

Signal Handlers:
SIGSEGV: [libjvm.so+0xabafa0], sa_mask[0]=11111111011111111101111111111110, sa_flags=SA_RESTART|SA_SIGINFO
SIGBUS: [libjvm.so+0xabafa0], sa_mask[0]=11111111011111111101111111111110, sa_flags=SA_RESTART|SA_SIGINFO
SIGFPE: [libjvm.so+0x9183c0], sa_mask[0]=11111111011111111101111111111110, sa_flags=SA_RESTART|SA_SIGINFO
SIGPIPE: SIG_IGN, sa_mask[0]=00000000000010000000000000000000, sa_flags=SA_RESTART
SIGXFSZ: [libjvm.so+0x9183c0], sa_mask[0]=11111111011111111101111111111110, sa_flags=SA_RESTART|SA_SIGINFO
SIGILL: [libjvm.so+0x9183c0], sa_mask[0]=11111111011111111101111111111110, sa_flags=SA_RESTART|SA_SIGINFO
SIGUSR1: SIG_DFL, sa_mask[0]=00000000000000000000000000000000, sa_flags=none
SIGUSR2: [libjvm.so+0x9199f0], sa_mask[0]=00000000000000000000000000000000, sa_flags=SA_RESTART|SA_SIGINFO
SIGHUP: [libjvm.so+0x91adf0], sa_mask[0]=11111111011111111101111111111110, sa_flags=SA_RESTART|SA_SIGINFO
SIGINT: SIG_IGN, sa_mask[0]=00000000000000000000000000000000, sa_flags=none
SIGTERM: [libjvm.so+0x91adf0], sa_mask[0]=11111111011111111101111111111110, sa_flags=SA_RESTART|SA_SIGINFO
SIGQUIT: [libjvm.so+0x91adf0], sa_mask[0]=11111111011111111101111111111110, sa_flags=SA_RESTART|SA_SIGINFO


---------------  S Y S T E M  ---------------

OS:Fedora release 22 (Twenty Two)

uname:Linux 4.4.6-200.fc22.x86_64 #1 SMP Wed Mar 16 22:13:40 UTC 2016 x86_64
libc:glibc 2.21 NPTL 2.21 
rlimit: STACK 8192k, CORE 0k, NPROC 4096, NOFILE 4096, AS infinity
load average:83.29 26.15 9.57

/proc/meminfo:
MemTotal:        2040624 kB
MemFree:          224152 kB
MemAvailable:     401460 kB
Buffers:            9772 kB
Cached:           242728 kB
SwapCached:        24560 kB
Active:          1257280 kB
Inactive:         408688 kB
Active(anon):    1179284 kB
Inactive(anon):   336112 kB
Active(file):      77996 kB
Inactive(file):    72576 kB
Unevictable:           0 kB
Mlocked:               0 kB
SwapTotal:       2097148 kB
SwapFree:        1321232 kB
Dirty:              7212 kB
Writeback:          3156 kB
AnonPages:       1393956 kB
Mapped:            82032 kB
Shmem:            101856 kB
Slab:              95756 kB
SReclaimable:      47760 kB
SUnreclaim:        47996 kB
KernelStack:        5200 kB
PageTables:        19916 kB
NFS_Unstable:          0 kB
Bounce:                0 kB
WritebackTmp:          0 kB
CommitLimit:     3117460 kB
Committed_AS:    4385436 kB
VmallocTotal:   34359738367 kB
VmallocUsed:           0 kB
VmallocChunk:          0 kB
HardwareCorrupted:     0 kB
AnonHugePages:         0 kB
CmaTotal:              0 kB
CmaFree:               0 kB
HugePages_Total:       0
HugePages_Free:        0
HugePages_Rsvd:        0
HugePages_Surp:        0
Hugepagesize:       2048 kB
DirectMap4k:      128704 kB
DirectMap2M:     1959936 kB


CPU:total 2 (2 cores per cpu, 1 threads per core) family 6 model 15 stepping 13, cmov, cx8, fxsr, mmx, sse, sse2, sse3, ssse3, tsc

/proc/cpuinfo:
processor	: 0
vendor_id	: GenuineIntel
cpu family	: 6
model		: 15
model name	: Intel(R) Core(TM)2 Duo CPU     T5670  @ 1.80GHz
stepping	: 13
microcode	: 0xa3
cpu MHz		: 1801.000
cache size	: 2048 KB
physical id	: 0
siblings	: 2
core id		: 0
cpu cores	: 2
apicid		: 0
initial apicid	: 0
fpu		: yes
fpu_exception	: yes
cpuid level	: 10
wp		: yes
flags		: fpu vme de pse tsc msr pae mce cx8 apic sep mtrr pge mca cmov pat pse36 clflush dts acpi mmx fxsr sse sse2 ss ht tm pbe syscall nx lm constant_tsc arch_perfmon pebs bts rep_good nopl aperfmperf pni dtes64 monitor ds_cpl est tm2 ssse3 cx16 xtpr pdcm lahf_lm ida dtherm
bugs		:
bogomips	: 3591.07
clflush size	: 64
cache_alignment	: 64
address sizes	: 36 bits physical, 48 bits virtual
power management:

processor	: 1
vendor_id	: GenuineIntel
cpu family	: 6
model		: 15
model name	: Intel(R) Core(TM)2 Duo CPU     T5670  @ 1.80GHz
stepping	: 13
microcode	: 0xa3
cpu MHz		: 1801.000
cache size	: 2048 KB
physical id	: 0
siblings	: 2
core id		: 1
cpu cores	: 2
apicid		: 1
initial apicid	: 1
fpu		: yes
fpu_exception	: yes
cpuid level	: 10
wp		: yes
flags		: fpu vme de pse tsc msr pae mce cx8 apic sep mtrr pge mca cmov pat pse36 clflush dts acpi mmx fxsr sse sse2 ss ht tm pbe syscall nx lm constant_tsc arch_perfmon pebs bts rep_good nopl aperfmperf pni dtes64 monitor ds_cpl est tm2 ssse3 cx16 xtpr pdcm lahf_lm ida dtherm
bugs		:
bogomips	: 3591.07
clflush size	: 64
cache_alignment	: 64
address sizes	: 36 bits physical, 48 bits virtual
power management:



Memory: 4k page, physical 2040624k(224028k free), swap 2097148k(1321236k free)

vm_info: Java HotSpot(TM) 64-Bit Server VM (25.73-b02) for linux-amd64 JRE (1.8.0_73-b02), built on Jan 29 2016 17:39:45 by "java_re" with gcc 4.3.0 20080428 (Red Hat 4.3.0-8)

time: Wed Mar 30 19:49:22 2016
elapsed time: 14861 seconds (0d 4h 7m 41s)

